29-Jan-21 17:29:38 - SELECT author FROM dr_bowman_doi_ data_tables._main_ WHERE DOI IN ('Jane Doe','John Smith');
29-Jan-21 17:31:30 - SELECT name FROM dr_bowman_doi_data_tables.author WHERE name IN ('Jane Doe','John Smith');
29-Jan-21 17:31:30 - []
29-Jan-21 17:56:02 - SELECT * FROM dr_bowman_doi_data_tables.author WHERE family LIKE Jane Doe;
29-Jan-21 17:57:06 - SELECT * FROM dr_bowman_doi_data_tables.author WHERE family LIKE 'Jane Doe';
29-Jan-21 17:57:06 - []
29-Jan-21 17:57:06 - SELECT * FROM dr_bowman_doi_data_tables.author WHERE family LIKE 'John Smith';
29-Jan-21 17:57:06 - []
29-Jan-21 17:58:09 - SELECT * FROM dr_bowman_doi_data_tables.author WHERE family CONTAINS 'Jane Doe';
29-Jan-21 18:10:17 - SELECT * FROM dr_bowman_doi_data_tables.author WHERE family LIKE '%Jane Doe%';
29-Jan-21 18:10:17 - []
29-Jan-21 18:10:17 - SELECT * FROM dr_bowman_doi_data_tables.author WHERE family LIKE '%John Smith%';
29-Jan-21 18:10:17 - []
01-Feb-21 16:24:20 - SELECT * FROM dr_bowman_doi_data_tables.author WHERE name LIKE '%Jane Doe%';
01-Feb-21 16:24:20 - []
01-Feb-21 16:24:20 - SELECT * FROM dr_bowman_doi_data_tables.author WHERE name LIKE '%John Smith%';
01-Feb-21 16:24:20 - []
01-Feb-21 16:25:55 - SELECT * FROM dr_bowman_doi_data_tables.author WHERE name LIKE '%Jane Doe%';
01-Feb-21 16:25:55 - []
01-Feb-21 16:25:55 - SELECT * FROM dr_bowman_doi_data_tables.author WHERE name LIKE '%John Doe%';
01-Feb-21 16:25:55 - [(2, None, None, 'Doe', 'John', 'John Doe', None, None, None, None)]
01-Feb-21 16:25:55 - SELECT * FROM dr_bowman_doi_data_tables.author WHERE name LIKE '%Darpan Shah%';
01-Feb-21 16:25:55 - [(1, None, None, 'Shah', 'Darpan', 'Darpan Shah', None, None, None, None)]
02-Feb-21 12:10:50 - SELECT * FROM dr_bowman_doi_data_tables.author WHERE name LIKE '%Jane Doe%';
02-Feb-21 12:10:50 - []
02-Feb-21 12:10:50 - SELECT * FROM dr_bowman_doi_data_tables.author WHERE name LIKE '%John Doe%';
02-Feb-21 12:10:50 - [(2, None, None, 'Doe', 'John', 'John Doe', None, None, None, None)]
02-Feb-21 12:10:50 - SELECT * FROM dr_bowman_doi_data_tables.author WHERE name LIKE '%Darpan Shah%';
02-Feb-21 12:10:50 - [(1, None, None, 'Shah', 'Darpan', 'Darpan Shah', None, None, None, None)]
