<<<<<<< HEAD
25-Jan-21 16:21:31 -  - Downloading Data using query: 
curl "https://api.eventdata.crossref.org/v1/events?mailto=darpanshah7@gmail.com&rows=10000&cursor=" > tempFile.json
25-Jan-21 16:21:32 -  - Successfully wrote data to tempFile.json 
25-Jan-21 16:21:32 -  - Beginning JSON formatting
25-Jan-21 16:21:32 -  - Failure in beautifyJSON step - Was the server down?
<<<<<<< HEAD
=======
27-Jan-21 01:28:29 -  - Downloading Data using query: 
curl "https://api.eventdata.crossref.org/v1/events?mailto=rihat.rafi@gmail.com&rows=10000&cursor=" > data\tempFile.json
27-Jan-21 01:28:29 -  - Failure in fetchData step
27-Jan-21 01:29:17 -  - Downloading Data using query: 
curl "https://api.eventdata.crossref.org/v1/events?mailto=rihat.rafi@gmail.com&rows=10000&cursor=" > eventData\tempFile.json
27-Jan-21 01:29:17 -  - Failure in fetchData step
27-Jan-21 01:33:54 -  - Downloading Data using query: 
curl "https://api.eventdata.crossref.org/v1/events?mailto=rihat.rafi@gmail.com&rows=10000&cursor=" > tempFile.json
27-Jan-21 01:33:55 -  - Successfully wrote data to tempFile.json 
27-Jan-21 01:33:55 -  - Beginning JSON formatting
27-Jan-21 01:33:55 -  - Failure in beautifyJSON step - Was the server down?
27-Jan-21 01:35:09 -  - Downloading Data using query: 
curl "https://api.eventdata.crossref.org/v1/events?mailto=rihat.rafi@gmail.com&rows=10000&cursor=" > eventData\tempFile.json
27-Jan-21 01:35:13 -  - Successfully wrote data to tempFile.json 
27-Jan-21 01:35:13 -  - Beginning JSON formatting
27-Jan-21 01:35:13 -  - Failure in beautifyJSON step - Was the server down?
>>>>>>> origin/rihatDev
=======
04-Feb-21 23:17:55 -  - Downloading Data using query: 
curl "https://api.eventdata.crossref.org/v1/events?mailto=darpanshah7@gmail.com&rows=100&cursor=" > tempFile.json
04-Feb-21 23:17:56 -  - Successfully wrote data to tempFile.json 
04-Feb-21 23:17:56 -  - Beginning JSON formatting
04-Feb-21 23:17:56 -  - Failure in beautifyJSON step - Was the server down?
04-Feb-21 23:19:08 -  - Downloading Data using query: 
curl "https://api.eventdata.crossref.org/v1/events?mailto=darpanshah7@gmail.com&rows=100&cursor=" > tempFile.json
04-Feb-21 23:19:09 -  - Successfully wrote data to tempFile.json 
04-Feb-21 23:19:09 -  - Beginning JSON formatting
04-Feb-21 23:19:09 -  - Failure in beautifyJSON step - Was the server down?
>>>>>>> origin/salsabilDev
