10-Feb-21 17:17:00 - SELECT * FROM doidata.author WHERE name LIKE '%Smith%';
10-Feb-21 17:17:00 - ({'id': 3, 'affiliation': None, 'authenticated_orcid': None, 'family': 'Smith', 'given': 'Jane', 'name': 'Jane Smith', 'orcid': None, 'sequence': None, 'suffix': None, 'fk': None}, {'id': 58, 'affiliation': 'The University of Iowa Iowa City', 'authenticated_orcid': None, 'family': 'Smith', 'given': 'Elaine', 'name': 'Elaine Smith', 'orcid': None, 'sequence': 'additional', 'suffix': None, 'fk': 13}, {'id': 123, 'affiliation': '', 'authenticated_orcid': None, 'family': 'Smith', 'given': 'G. D.', 'name': 'G. D. Smith', 'orcid': None, 'sequence': 'first', 'suffix': None, 'fk': 38}, {'id': 137, 'affiliation': 'Health Psychology Research Unit, Department of Psychology, University of Bristol, Bristol BS8 1TN, UK', 'authenticated_orcid': None, 'family': 'Smith', 'given': 'Andrew', 'name': 'Andrew Smith', 'orcid': None, 'sequence': 'first', 'suffix': None, 'fk': 44}, {'id': 148, 'affiliation': '', 'authenticated_orcid': None, 'family': 'Smith', 'given': 'R.D.', 'name': 'R.D. Smith', 'orcid': None, 'sequence': 'additional', 'suffix': None, 'fk': 49}, {'id': 522, 'affiliation': '', 'authenticated_orcid': None, 'family': 'Smith', 'given': 'P.', 'name': 'P. Smith', 'orcid': None, 'sequence': 'additional', 'suffix': None, 'fk': 165})
10-Feb-21 17:17:00 - SELECT * FROM doidata.author WHERE name LIKE '%Smith%';
10-Feb-21 17:17:00 - ({'id': 3, 'affiliation': None, 'authenticated_orcid': None, 'family': 'Smith', 'given': 'Jane', 'name': 'Jane Smith', 'orcid': None, 'sequence': None, 'suffix': None, 'fk': None}, {'id': 58, 'affiliation': 'The University of Iowa Iowa City', 'authenticated_orcid': None, 'family': 'Smith', 'given': 'Elaine', 'name': 'Elaine Smith', 'orcid': None, 'sequence': 'additional', 'suffix': None, 'fk': 13}, {'id': 123, 'affiliation': '', 'authenticated_orcid': None, 'family': 'Smith', 'given': 'G. D.', 'name': 'G. D. Smith', 'orcid': None, 'sequence': 'first', 'suffix': None, 'fk': 38}, {'id': 137, 'affiliation': 'Health Psychology Research Unit, Department of Psychology, University of Bristol, Bristol BS8 1TN, UK', 'authenticated_orcid': None, 'family': 'Smith', 'given': 'Andrew', 'name': 'Andrew Smith', 'orcid': None, 'sequence': 'first', 'suffix': None, 'fk': 44}, {'id': 148, 'affiliation': '', 'authenticated_orcid': None, 'family': 'Smith', 'given': 'R.D.', 'name': 'R.D. Smith', 'orcid': None, 'sequence': 'additional', 'suffix': None, 'fk': 49}, {'id': 522, 'affiliation': '', 'authenticated_orcid': None, 'family': 'Smith', 'given': 'P.', 'name': 'P. Smith', 'orcid': None, 'sequence': 'additional', 'suffix': None, 'fk': 165})
10-Feb-21 17:17:00 - 127.0.0.1 - - [10/Feb/2021 17:17:00] "[37mPOST /uploadAuthors HTTP/1.1[0m" 200 -
10-Feb-21 17:17:05 - 127.0.0.1 - - [10/Feb/2021 17:17:05] "[37mPOST /downloadAuthors HTTP/1.1[0m" 200 -
10-Feb-21 17:21:33 -  * Detected change in 'C:\\Users\\darpa\\Desktop\\openAlt_W2021\\web\\uploadAuthor.py', reloading
10-Feb-21 17:23:34 - SELECT * FROM doidata.author WHERE name LIKE '%Smith%';
10-Feb-21 17:23:34 - ({'id': 3, 'affiliation': None, 'authenticated_orcid': None, 'family': 'Smith', 'given': 'Jane', 'name': 'Jane Smith', 'orcid': None, 'sequence': None, 'suffix': None, 'fk': None}, {'id': 58, 'affiliation': 'The University of Iowa Iowa City', 'authenticated_orcid': None, 'family': 'Smith', 'given': 'Elaine', 'name': 'Elaine Smith', 'orcid': None, 'sequence': 'additional', 'suffix': None, 'fk': 13}, {'id': 123, 'affiliation': '', 'authenticated_orcid': None, 'family': 'Smith', 'given': 'G. D.', 'name': 'G. D. Smith', 'orcid': None, 'sequence': 'first', 'suffix': None, 'fk': 38}, {'id': 137, 'affiliation': 'Health Psychology Research Unit, Department of Psychology, University of Bristol, Bristol BS8 1TN, UK', 'authenticated_orcid': None, 'family': 'Smith', 'given': 'Andrew', 'name': 'Andrew Smith', 'orcid': None, 'sequence': 'first', 'suffix': None, 'fk': 44}, {'id': 148, 'affiliation': '', 'authenticated_orcid': None, 'family': 'Smith', 'given': 'R.D.', 'name': 'R.D. Smith', 'orcid': None, 'sequence': 'additional', 'suffix': None, 'fk': 49}, {'id': 522, 'affiliation': '', 'authenticated_orcid': None, 'family': 'Smith', 'given': 'P.', 'name': 'P. Smith', 'orcid': None, 'sequence': 'additional', 'suffix': None, 'fk': 165})
10-Feb-21 17:23:34 - 127.0.0.1 - - [10/Feb/2021 17:23:34] "[37mPOST /uploadAuthors HTTP/1.1[0m" 200 -
10-Feb-21 17:23:36 - 127.0.0.1 - - [10/Feb/2021 17:23:36] "[37mPOST /downloadAuthors HTTP/1.1[0m" 200 -
10-Feb-21 17:25:09 -  * Detected change in 'C:\\Users\\darpa\\Desktop\\openAlt_W2021\\web\\uploadAuthor.py', reloading
10-Feb-21 17:26:50 - SELECT affiliation, authenticated_orcid, family, given, name, orcid, sequence, suffix FROM doidata.author where name LIKE '%Smith%';
10-Feb-21 17:26:50 - ({'affiliation': None, 'authenticated_orcid': None, 'family': 'Smith', 'given': 'Jane', 'name': 'Jane Smith', 'orcid': None, 'sequence': None, 'suffix': None}, {'affiliation': 'The University of Iowa Iowa City', 'authenticated_orcid': None, 'family': 'Smith', 'given': 'Elaine', 'name': 'Elaine Smith', 'orcid': None, 'sequence': 'additional', 'suffix': None}, {'affiliation': '', 'authenticated_orcid': None, 'family': 'Smith', 'given': 'G. D.', 'name': 'G. D. Smith', 'orcid': None, 'sequence': 'first', 'suffix': None}, {'affiliation': 'Health Psychology Research Unit, Department of Psychology, University of Bristol, Bristol BS8 1TN, UK', 'authenticated_orcid': None, 'family': 'Smith', 'given': 'Andrew', 'name': 'Andrew Smith', 'orcid': None, 'sequence': 'first', 'suffix': None}, {'affiliation': '', 'authenticated_orcid': None, 'family': 'Smith', 'given': 'R.D.', 'name': 'R.D. Smith', 'orcid': None, 'sequence': 'additional', 'suffix': None}, {'affiliation': '', 'authenticated_orcid': None, 'family': 'Smith', 'given': 'P.', 'name': 'P. Smith', 'orcid': None, 'sequence': 'additional', 'suffix': None})
10-Feb-21 17:26:50 - 127.0.0.1 - - [10/Feb/2021 17:26:50] "[37mPOST /uploadAuthors HTTP/1.1[0m" 200 -
10-Feb-21 17:26:52 - 127.0.0.1 - - [10/Feb/2021 17:26:52] "[37mPOST /downloadAuthors HTTP/1.1[0m" 200 -
10-Feb-21 17:28:40 -  * Detected change in 'C:\\Users\\darpa\\Desktop\\openAlt_W2021\\web\\uploadDOI.py', reloading
19-Feb-21 15:38:13 - SELECT affiliation, authenticated_orcid, family, given, name, orcid, sequence, suffix FROM doidata.author where name LIKE '%smith%';
19-Feb-21 15:38:13 - [(None, None, 'Smith', 'Jane', 'Jane Smith', None, None, None), ('The University of Iowa Iowa City', None, 'Smith', 'Elaine', 'Elaine Smith', None, 'additional', None), ('', None, 'Smith', 'G. D.', 'G. D. Smith', None, 'first', None), ('Health Psychology Research Unit, Department of Psychology, University of Bristol, Bristol BS8 1TN, UK', None, 'Smith', 'Andrew', 'Andrew Smith', None, 'first', None), ('', None, 'Smith', 'R.D.', 'R.D. Smith', None, 'additional', None), ('', None, 'Smith', 'P.', 'P. Smith', None, 'additional', None)]
19-Feb-21 15:38:13 - SELECT affiliation, authenticated_orcid, family, given, name, orcid, sequence, suffix FROM doidata.author where name LIKE '%zhang%';
19-Feb-21 15:38:13 - [('The University of Iowa Iowa City', None, 'Zhang', 'Xuyang', 'Xuyang Zhang', None, 'additional', None), ('', None, 'Zhang', 'Yi-Cheng', 'Yi-Cheng Zhang', None, 'additional', None)]
19-Feb-21 15:38:13 - SELECT affiliation, authenticated_orcid, family, given, name, orcid, sequence, suffix FROM doidata.author where name LIKE '%darpan shah%';
19-Feb-21 15:38:13 - [(None, None, 'Shah', 'Darpan', 'Darpan Shah', None, None, None)]
19-Feb-21 15:38:13 - SELECT affiliation, authenticated_orcid, family, given, name, orcid, sequence, suffix FROM doidata.author where name LIKE '%allen h. renear%';
19-Feb-21 15:38:13 - [(None, None, 'Renear', 'Allen H.', 'Allen H. Renear', None, None, None)]
19-Feb-21 15:38:13 - SELECT affiliation, authenticated_orcid, family, given, name, orcid, sequence, suffix FROM doidata.author where name LIKE '%hardy%';
19-Feb-21 15:38:13 - [('', None, 'Hardy', 'G.E.', 'G.E. Hardy', None, 'additional', None)]
19-Feb-21 15:38:13 - SELECT affiliation, authenticated_orcid, family, given, name, orcid, sequence, suffix FROM doidata.author where name LIKE '%jane smith%';
19-Feb-21 15:38:13 - [(None, None, 'Smith', 'Jane', 'Jane Smith', None, None, None)]
19-Feb-21 15:38:13 - SELECT affiliation, authenticated_orcid, family, given, name, orcid, sequence, suffix FROM doidata.author where name LIKE '%wickett%';
19-Feb-21 15:38:13 - [(None, None, 'Wickett', 'Karen M.', 'Karen M. Wickett', None, None, None)]
19-Feb-21 15:38:13 - SELECT affiliation, authenticated_orcid, family, given, name, orcid, sequence, suffix FROM doidata.author where name LIKE '%okamoto%';
19-Feb-21 15:38:13 - [('', None, 'Okamoto', 'K.', 'K. Okamoto', None, 'first', None)]
19-Feb-21 15:38:14 - SELECT affiliation, authenticated_orcid, family, given, name, orcid, sequence, suffix FROM doidata.author where name LIKE '%d.a. golya%';
19-Feb-21 15:38:14 - [('', None, 'Golya', 'D.A.', 'D.A. Golya', None, 'additional', None)]
19-Feb-21 15:38:45 - SELECT affiliation, authenticated_orcid, family, given, name, orcid, sequence, suffix FROM doidata.author where name LIKE '%smith%';
19-Feb-21 15:38:45 - [(None, None, 'Smith', 'Jane', 'Jane Smith', None, None, None), ('The University of Iowa Iowa City', None, 'Smith', 'Elaine', 'Elaine Smith', None, 'additional', None), ('', None, 'Smith', 'G. D.', 'G. D. Smith', None, 'first', None), ('Health Psychology Research Unit, Department of Psychology, University of Bristol, Bristol BS8 1TN, UK', None, 'Smith', 'Andrew', 'Andrew Smith', None, 'first', None), ('', None, 'Smith', 'R.D.', 'R.D. Smith', None, 'additional', None), ('', None, 'Smith', 'P.', 'P. Smith', None, 'additional', None)]
19-Feb-21 15:38:45 - SELECT affiliation, authenticated_orcid, family, given, name, orcid, sequence, suffix FROM doidata.author where name LIKE '%zhang%';
19-Feb-21 15:38:45 - [('The University of Iowa Iowa City', None, 'Zhang', 'Xuyang', 'Xuyang Zhang', None, 'additional', None), ('', None, 'Zhang', 'Yi-Cheng', 'Yi-Cheng Zhang', None, 'additional', None)]
19-Feb-21 15:38:45 - SELECT affiliation, authenticated_orcid, family, given, name, orcid, sequence, suffix FROM doidata.author where name LIKE '%darpan shah%';
19-Feb-21 15:38:45 - [(None, None, 'Shah', 'Darpan', 'Darpan Shah', None, None, None)]
19-Feb-21 15:38:45 - SELECT affiliation, authenticated_orcid, family, given, name, orcid, sequence, suffix FROM doidata.author where name LIKE '%allen h. renear%';
19-Feb-21 15:38:45 - [(None, None, 'Renear', 'Allen H.', 'Allen H. Renear', None, None, None)]
19-Feb-21 15:38:46 - SELECT affiliation, authenticated_orcid, family, given, name, orcid, sequence, suffix FROM doidata.author where name LIKE '%hardy%';
19-Feb-21 15:38:46 - [('', None, 'Hardy', 'G.E.', 'G.E. Hardy', None, 'additional', None)]
19-Feb-21 15:38:46 - SELECT affiliation, authenticated_orcid, family, given, name, orcid, sequence, suffix FROM doidata.author where name LIKE '%jane smith%';
19-Feb-21 15:38:46 - [(None, None, 'Smith', 'Jane', 'Jane Smith', None, None, None)]
19-Feb-21 15:38:46 - SELECT affiliation, authenticated_orcid, family, given, name, orcid, sequence, suffix FROM doidata.author where name LIKE '%wickett%';
19-Feb-21 15:38:46 - [(None, None, 'Wickett', 'Karen M.', 'Karen M. Wickett', None, None, None)]
19-Feb-21 15:38:46 - SELECT affiliation, authenticated_orcid, family, given, name, orcid, sequence, suffix FROM doidata.author where name LIKE '%okamoto%';
19-Feb-21 15:38:46 - [('', None, 'Okamoto', 'K.', 'K. Okamoto', None, 'first', None)]
19-Feb-21 15:38:46 - SELECT affiliation, authenticated_orcid, family, given, name, orcid, sequence, suffix FROM doidata.author where name LIKE '%d.a. golya%';
19-Feb-21 15:38:46 - [('', None, 'Golya', 'D.A.', 'D.A. Golya', None, 'additional', None)]
19-Feb-21 16:16:41 - SELECT affiliation, authenticated_orcid, family, given, name, orcid, sequence, suffix FROM doidata.author where name LIKE '%smith%';
19-Feb-21 16:16:41 - []
19-Feb-21 16:16:57 - SELECT affiliation, authenticated_orcid, family, given, name, orcid, sequence, suffix FROM doidata.author where name LIKE '%smith%';
19-Feb-21 16:16:57 - []
19-Feb-21 16:26:25 - SELECT affiliation, authenticated_orcid, family, given, name, orcid, sequence, suffix FROM doidata.author where name LIKE '%smith%';
19-Feb-21 16:26:25 - [(None, None, 'Smith', 'Jane', 'Jane Smith', None, None, None), ('The University of Iowa Iowa City', None, 'Smith', 'Elaine', 'Elaine Smith', None, 'additional', None)]
19-Feb-21 16:26:25 - SELECT affiliation, authenticated_orcid, family, given, name, orcid, sequence, suffix FROM doidata.author where name LIKE '%zhang%';
19-Feb-21 16:26:25 - [('The University of Iowa Iowa City', None, 'Zhang', 'Xuyang', 'Xuyang Zhang', None, 'additional', None)]
19-Feb-21 16:26:25 - SELECT affiliation, authenticated_orcid, family, given, name, orcid, sequence, suffix FROM doidata.author where name LIKE '%darpan shah%';
19-Feb-21 16:26:25 - [(None, None, 'Shah', 'Darpan', 'Darpan Shah', None, None, None)]
19-Feb-21 16:26:25 - SELECT affiliation, authenticated_orcid, family, given, name, orcid, sequence, suffix FROM doidata.author where name LIKE '%allen h. renear%';
19-Feb-21 16:26:25 - [(None, None, 'Renear', 'Allen H.', 'Allen H. Renear', None, None, None)]
19-Feb-21 16:26:25 - SELECT affiliation, authenticated_orcid, family, given, name, orcid, sequence, suffix FROM doidata.author where name LIKE '%hardy%';
19-Feb-21 16:26:25 - [('', None, 'Hardy', 'G.E.', 'G.E. Hardy', None, 'additional', None)]
19-Feb-21 16:26:25 - SELECT affiliation, authenticated_orcid, family, given, name, orcid, sequence, suffix FROM doidata.author where name LIKE '%jane smith%';
19-Feb-21 16:26:25 - [(None, None, 'Smith', 'Jane', 'Jane Smith', None, None, None)]
19-Feb-21 16:26:25 - SELECT affiliation, authenticated_orcid, family, given, name, orcid, sequence, suffix FROM doidata.author where name LIKE '%wickett%';
19-Feb-21 16:26:25 - [(None, None, 'Wickett', 'Karen M.', 'Karen M. Wickett', None, None, None)]
19-Feb-21 16:26:25 - SELECT affiliation, authenticated_orcid, family, given, name, orcid, sequence, suffix FROM doidata.author where name LIKE '%okamoto%';
19-Feb-21 16:26:25 - [('', None, 'Okamoto', 'K.', 'K. Okamoto', None, 'first', None)]
19-Feb-21 16:26:25 - SELECT affiliation, authenticated_orcid, family, given, name, orcid, sequence, suffix FROM doidata.author where name LIKE '%d.a. golya%';
19-Feb-21 16:26:25 - [('', None, 'Golya', 'D.A.', 'D.A. Golya', None, 'additional', None)]
19-Feb-21 17:17:46 - SELECT affiliation, authenticated_orcid, family, given, name, orcid, sequence, suffix FROM doidata.author where name LIKE '%smith%';
19-Feb-21 17:17:46 - [(None, None, 'Smith', 'Jane', 'Jane Smith', None, None, None), ('The University of Iowa Iowa City', None, 'Smith', 'Elaine', 'Elaine Smith', None, 'additional', None)]
19-Feb-21 17:19:06 - SELECT affiliation, authenticated_orcid, family, given, name, orcid, sequence, suffix FROM doidata.author where name LIKE '%smith%';
19-Feb-21 17:19:06 - [(None, None, 'Smith', 'Jane', 'Jane Smith', None, None, None), ('The University of Iowa Iowa City', None, 'Smith', 'Elaine', 'Elaine Smith', None, 'additional', None)]
19-Feb-21 17:19:06 - SELECT * FROM doidata._main_ JOIN doidata.author ON doidata._main_.id = doidata.author.fk WHERE doidata.author.name  LIKE '%smith%';
19-Feb-21 17:19:06 - [(13, '10.1044/jslhr.4006.1245', 'http://dx.doi.org/10.1044/jslhr.4006.1245', None, '10.1044/jslhr.4006.1245', None, None, 'Journal of Speech, Language, and Hearing Research', '2014/7/29', datetime.datetime(2014, 7, 29, 20, 59, 28), 1406667568000, '2019/12/23', datetime.datetime(2019, 12, 23, 15, 1, 5), 1577113265000, '2020/6/22', datetime.datetime(2020, 6, 22, 22, 4, 14), 1592863454933, 1004, '6', None, '1997/12', None, None, 'en', '1310', 'None', '1245-1260', '10.1044', None, None, None, '1997/12', None, None, 'American Speech Language Hearing Association', None, 56, 56, 1.0, 'J Speech Lang Hear Res', 'None', 'Crossref', 'None', 'Prevalence of Specific Language Impairment in Kindergarten Children', 'journal-article', None, '40', 13, 58, 'The University of Iowa Iowa City', None, None, None, 'Smith', 'Elaine', 'Elaine Smith', None, 'additional', None, 13)]
19-Feb-21 17:19:06 - SELECT affiliation, authenticated_orcid, family, given, name, orcid, sequence, suffix FROM doidata.author where name LIKE '%zhang%';
19-Feb-21 17:19:06 - [('The University of Iowa Iowa City', None, 'Zhang', 'Xuyang', 'Xuyang Zhang', None, 'additional', None)]
19-Feb-21 17:19:06 - SELECT * FROM doidata._main_ JOIN doidata.author ON doidata._main_.id = doidata.author.fk WHERE doidata.author.name  LIKE '%zhang%';
19-Feb-21 17:19:06 - [(13, '10.1044/jslhr.4006.1245', 'http://dx.doi.org/10.1044/jslhr.4006.1245', None, '10.1044/jslhr.4006.1245', None, None, 'Journal of Speech, Language, and Hearing Research', '2014/7/29', datetime.datetime(2014, 7, 29, 20, 59, 28), 1406667568000, '2019/12/23', datetime.datetime(2019, 12, 23, 15, 1, 5), 1577113265000, '2020/6/22', datetime.datetime(2020, 6, 22, 22, 4, 14), 1592863454933, 1004, '6', None, '1997/12', None, None, 'en', '1310', 'None', '1245-1260', '10.1044', None, None, None, '1997/12', None, None, 'American Speech Language Hearing Association', None, 56, 56, 1.0, 'J Speech Lang Hear Res', 'None', 'Crossref', 'None', 'Prevalence of Specific Language Impairment in Kindergarten Children', 'journal-article', None, '40', 13, 57, 'The University of Iowa Iowa City', None, None, None, 'Zhang', 'Xuyang', 'Xuyang Zhang', None, 'additional', None, 13)]
19-Feb-21 17:19:06 - SELECT affiliation, authenticated_orcid, family, given, name, orcid, sequence, suffix FROM doidata.author where name LIKE '%darpan shah%';
19-Feb-21 17:19:06 - [(None, None, 'Shah', 'Darpan', 'Darpan Shah', None, None, None)]
19-Feb-21 17:19:07 - SELECT * FROM doidata._main_ JOIN doidata.author ON doidata._main_.id = doidata.author.fk WHERE doidata.author.name  LIKE '%darpan shah%';
19-Feb-21 17:19:07 - []
19-Feb-21 17:22:11 - SELECT affiliation, authenticated_orcid, family, given, name, orcid, sequence, suffix FROM doidata.author where name LIKE '%smith%';
19-Feb-21 17:22:11 - [(None, None, 'Smith', 'Jane', 'Jane Smith', None, None, None), ('The University of Iowa Iowa City', None, 'Smith', 'Elaine', 'Elaine Smith', None, 'additional', None)]
19-Feb-21 17:22:12 - SELECT * FROM doidata._main_ JOIN doidata.author ON doidata._main_.id = doidata.author.fk WHERE doidata.author.name  LIKE '%smith%';
19-Feb-21 17:22:12 - [(13, '10.1044/jslhr.4006.1245', 'http://dx.doi.org/10.1044/jslhr.4006.1245', None, '10.1044/jslhr.4006.1245', None, None, 'Journal of Speech, Language, and Hearing Research', '2014/7/29', datetime.datetime(2014, 7, 29, 20, 59, 28), 1406667568000, '2019/12/23', datetime.datetime(2019, 12, 23, 15, 1, 5), 1577113265000, '2020/6/22', datetime.datetime(2020, 6, 22, 22, 4, 14), 1592863454933, 1004, '6', None, '1997/12', None, None, 'en', '1310', 'None', '1245-1260', '10.1044', None, None, None, '1997/12', None, None, 'American Speech Language Hearing Association', None, 56, 56, 1.0, 'J Speech Lang Hear Res', 'None', 'Crossref', 'None', 'Prevalence of Specific Language Impairment in Kindergarten Children', 'journal-article', None, '40', 13, 58, 'The University of Iowa Iowa City', None, None, None, 'Smith', 'Elaine', 'Elaine Smith', None, 'additional', None, 13)]
19-Feb-21 17:22:12 - SELECT affiliation, authenticated_orcid, family, given, name, orcid, sequence, suffix FROM doidata.author where name LIKE '%zhang%';
19-Feb-21 17:22:12 - [('The University of Iowa Iowa City', None, 'Zhang', 'Xuyang', 'Xuyang Zhang', None, 'additional', None)]
19-Feb-21 17:22:12 - SELECT * FROM doidata._main_ JOIN doidata.author ON doidata._main_.id = doidata.author.fk WHERE doidata.author.name  LIKE '%zhang%';
19-Feb-21 17:22:12 - [(13, '10.1044/jslhr.4006.1245', 'http://dx.doi.org/10.1044/jslhr.4006.1245', None, '10.1044/jslhr.4006.1245', None, None, 'Journal of Speech, Language, and Hearing Research', '2014/7/29', datetime.datetime(2014, 7, 29, 20, 59, 28), 1406667568000, '2019/12/23', datetime.datetime(2019, 12, 23, 15, 1, 5), 1577113265000, '2020/6/22', datetime.datetime(2020, 6, 22, 22, 4, 14), 1592863454933, 1004, '6', None, '1997/12', None, None, 'en', '1310', 'None', '1245-1260', '10.1044', None, None, None, '1997/12', None, None, 'American Speech Language Hearing Association', None, 56, 56, 1.0, 'J Speech Lang Hear Res', 'None', 'Crossref', 'None', 'Prevalence of Specific Language Impairment in Kindergarten Children', 'journal-article', None, '40', 13, 57, 'The University of Iowa Iowa City', None, None, None, 'Zhang', 'Xuyang', 'Xuyang Zhang', None, 'additional', None, 13)]
19-Feb-21 17:22:12 - SELECT affiliation, authenticated_orcid, family, given, name, orcid, sequence, suffix FROM doidata.author where name LIKE '%darpan shah%';
19-Feb-21 17:22:12 - [(None, None, 'Shah', 'Darpan', 'Darpan Shah', None, None, None)]
19-Feb-21 17:22:12 - SELECT * FROM doidata._main_ JOIN doidata.author ON doidata._main_.id = doidata.author.fk WHERE doidata.author.name  LIKE '%darpan shah%';
19-Feb-21 17:22:12 - []
19-Feb-21 17:22:12 - SELECT affiliation, authenticated_orcid, family, given, name, orcid, sequence, suffix FROM doidata.author where name LIKE '%allen h. renear%';
19-Feb-21 17:22:12 - [(None, None, 'Renear', 'Allen H.', 'Allen H. Renear', None, None, None)]
19-Feb-21 17:22:12 - SELECT * FROM doidata._main_ JOIN doidata.author ON doidata._main_.id = doidata.author.fk WHERE doidata.author.name  LIKE '%allen h. renear%';
19-Feb-21 17:22:12 - []
19-Feb-21 17:22:12 - SELECT affiliation, authenticated_orcid, family, given, name, orcid, sequence, suffix FROM doidata.author where name LIKE '%hardy%';
19-Feb-21 17:22:13 - [('', None, 'Hardy', 'G.E.', 'G.E. Hardy', None, 'additional', None)]
19-Feb-21 17:22:13 - SELECT * FROM doidata._main_ JOIN doidata.author ON doidata._main_.id = doidata.author.fk WHERE doidata.author.name  LIKE '%hardy%';
19-Feb-21 17:22:13 - [(1, '10.1192/bjp.171.6.519', 'http://dx.doi.org/10.1192/bjp.171.6.519', '<jats:sec><jats:title>Background</jats:title><jats:p>It is widely suggested that many National Health Service (NHS) workers experience high levels of minor psychiatric disorder. However, inadequacies of sampling and measurement in studies to date have not allowed this suggestion to be properly evaluated.</jats:p></jats:sec><jats:sec><jats:title>Method</jats:title><jats:p>The present study was designed to overcome these methodological weaknesses by using a sample of over 11 000 employees from 19 NHS trusts and a well-established measure of minor psychiatric disorder for which there are comparative data.</jats:p></jats:sec><jats:sec><jats:title>Results</jats:title><jats:p>The findings show that 26.8% of the health service workers reported significant levels of minor psychiatric disorder, compared with 17.8% of people in the general population. Psychiatric morbidity was highest among managers, doctors, nurses and professions allied to medicine, with each of these groups recording higher rates than their professional counterparts outside the health service. It was lower among those in support occupations, such as administrative and ancillary staff. A feature of the findings was that female doctors and managers showed a much higher prevalence of minor psychiatric disorder than their male colleagues.</jats:p></jats:sec><jats:sec><jats:title>Conclusion</jats:title><jats:p>Studies are required to establish the organisational, occupational and individual determinants of minor psychiatric disorder among NHS employees.</jats:p></jats:sec>', 'S0007125000148573', None, None, 'British Journal of Psychiatry', '2008/10/15', datetime.datetime(2008, 10, 15, 5, 36, 56), 1224049016000, '2019/5/11', datetime.datetime(2019, 5, 11, 19, 51, 3), 1557604263000, '2020/5/7', datetime.datetime(2020, 5, 7, 22, 4, 37), 1588889077153, 179, '6', None, '1997/12', None, None, 'en', '170', 'None', '519-523', '10.1192', '2018/1/2', None, None, '1997/12', None, None, 'Royal College of Psychiatrists', None, 20, 20, 1.0, 'Br J Psychiatry', 'None', 'Crossref', 'None', 'Minor psychiatric disorder in NHS trust staff: Occupational and gender differences', 'journal-article', None, '171', 1, 11, '', None, None, None, 'Hardy', 'G.E.', 'G.E. Hardy', None, 'additional', None, 1)]
19-Feb-21 17:22:13 - SELECT affiliation, authenticated_orcid, family, given, name, orcid, sequence, suffix FROM doidata.author where name LIKE '%jane smith%';
19-Feb-21 17:22:13 - [(None, None, 'Smith', 'Jane', 'Jane Smith', None, None, None)]
19-Feb-21 17:22:13 - SELECT * FROM doidata._main_ JOIN doidata.author ON doidata._main_.id = doidata.author.fk WHERE doidata.author.name  LIKE '%jane smith%';
19-Feb-21 17:22:13 - []
19-Feb-21 17:22:13 - SELECT affiliation, authenticated_orcid, family, given, name, orcid, sequence, suffix FROM doidata.author where name LIKE '%wickett%';
19-Feb-21 17:22:13 - [(None, None, 'Wickett', 'Karen M.', 'Karen M. Wickett', None, None, None)]
19-Feb-21 17:22:13 - SELECT * FROM doidata._main_ JOIN doidata.author ON doidata._main_.id = doidata.author.fk WHERE doidata.author.name  LIKE '%wickett%';
19-Feb-21 17:22:13 - []
19-Feb-21 17:22:13 - SELECT affiliation, authenticated_orcid, family, given, name, orcid, sequence, suffix FROM doidata.author where name LIKE '%okamoto%';
19-Feb-21 17:22:13 - [('', None, 'Okamoto', 'K.', 'K. Okamoto', None, 'first', None)]
19-Feb-21 17:22:13 - SELECT * FROM doidata._main_ JOIN doidata.author ON doidata._main_.id = doidata.author.fk WHERE doidata.author.name  LIKE '%okamoto%';
19-Feb-21 17:22:13 - [(3, '10.1080/014311697216621', 'http://dx.doi.org/10.1080/014311697216621', None, '10.1080/014311697216621', None, None, 'International Journal of Remote Sensing', '2002/7/26', datetime.datetime(2002, 7, 26, 15, 40, 29), 1027698029000, '2018/10/5', datetime.datetime(2018, 10, 5, 14, 58, 11), 1538751491000, '2020/3/31', datetime.datetime(2020, 3, 31, 4, 3, 1), 1585627381252, 3, '18', None, '1997/12', None, None, 'en', '301', 'None', '3797-3810', '10.1080', '2010/11/25', None, None, '1997/12', None, None, 'Informa UK Limited', None, 0, 0, 1.0, 'International Journal of Remote Sensing', 'None', 'Crossref', 'None', 'Global prediction of area change of suitable regions for cereal cultivation caused by global warming', 'journal-article', None, '18', 3, 19, '', None, None, None, 'Okamoto', 'K.', 'K. Okamoto', None, 'first', None, 3)]
19-Feb-21 17:22:14 - SELECT affiliation, authenticated_orcid, family, given, name, orcid, sequence, suffix FROM doidata.author where name LIKE '%d.a. golya%';
19-Feb-21 17:22:14 - [('', None, 'Golya', 'D.A.', 'D.A. Golya', None, 'additional', None)]
19-Feb-21 17:22:14 - SELECT * FROM doidata._main_ JOIN doidata.author ON doidata._main_.id = doidata.author.fk WHERE doidata.author.name  LIKE '%d.a. golya%';
19-Feb-21 17:22:14 - [(1, '10.1192/bjp.171.6.519', 'http://dx.doi.org/10.1192/bjp.171.6.519', '<jats:sec><jats:title>Background</jats:title><jats:p>It is widely suggested that many National Health Service (NHS) workers experience high levels of minor psychiatric disorder. However, inadequacies of sampling and measurement in studies to date have not allowed this suggestion to be properly evaluated.</jats:p></jats:sec><jats:sec><jats:title>Method</jats:title><jats:p>The present study was designed to overcome these methodological weaknesses by using a sample of over 11 000 employees from 19 NHS trusts and a well-established measure of minor psychiatric disorder for which there are comparative data.</jats:p></jats:sec><jats:sec><jats:title>Results</jats:title><jats:p>The findings show that 26.8% of the health service workers reported significant levels of minor psychiatric disorder, compared with 17.8% of people in the general population. Psychiatric morbidity was highest among managers, doctors, nurses and professions allied to medicine, with each of these groups recording higher rates than their professional counterparts outside the health service. It was lower among those in support occupations, such as administrative and ancillary staff. A feature of the findings was that female doctors and managers showed a much higher prevalence of minor psychiatric disorder than their male colleagues.</jats:p></jats:sec><jats:sec><jats:title>Conclusion</jats:title><jats:p>Studies are required to establish the organisational, occupational and individual determinants of minor psychiatric disorder among NHS employees.</jats:p></jats:sec>', 'S0007125000148573', None, None, 'British Journal of Psychiatry', '2008/10/15', datetime.datetime(2008, 10, 15, 5, 36, 56), 1224049016000, '2019/5/11', datetime.datetime(2019, 5, 11, 19, 51, 3), 1557604263000, '2020/5/7', datetime.datetime(2020, 5, 7, 22, 4, 37), 1588889077153, 179, '6', None, '1997/12', None, None, 'en', '170', 'None', '519-523', '10.1192', '2018/1/2', None, None, '1997/12', None, None, 'Royal College of Psychiatrists', None, 20, 20, 1.0, 'Br J Psychiatry', 'None', 'Crossref', 'None', 'Minor psychiatric disorder in NHS trust staff: Occupational and gender differences', 'journal-article', None, '171', 1, 10, '', None, None, None, 'Golya', 'D.A.', 'D.A. Golya', None, 'additional', None, 1)]
19-Feb-21 17:22:31 - SELECT affiliation, authenticated_orcid, family, given, name, orcid, sequence, suffix FROM doidata.author where name LIKE '%smith%';
19-Feb-21 17:22:31 - [(None, None, 'Smith', 'Jane', 'Jane Smith', None, None, None), ('The University of Iowa Iowa City', None, 'Smith', 'Elaine', 'Elaine Smith', None, 'additional', None)]
19-Feb-21 17:22:31 - SELECT * FROM doidata._main_ JOIN doidata.author ON doidata._main_.id = doidata.author.fk WHERE doidata.author.name  LIKE '%smith%';
19-Feb-21 17:22:31 - [(13, '10.1044/jslhr.4006.1245', 'http://dx.doi.org/10.1044/jslhr.4006.1245', None, '10.1044/jslhr.4006.1245', None, None, 'Journal of Speech, Language, and Hearing Research', '2014/7/29', datetime.datetime(2014, 7, 29, 20, 59, 28), 1406667568000, '2019/12/23', datetime.datetime(2019, 12, 23, 15, 1, 5), 1577113265000, '2020/6/22', datetime.datetime(2020, 6, 22, 22, 4, 14), 1592863454933, 1004, '6', None, '1997/12', None, None, 'en', '1310', 'None', '1245-1260', '10.1044', None, None, None, '1997/12', None, None, 'American Speech Language Hearing Association', None, 56, 56, 1.0, 'J Speech Lang Hear Res', 'None', 'Crossref', 'None', 'Prevalence of Specific Language Impairment in Kindergarten Children', 'journal-article', None, '40', 13, 58, 'The University of Iowa Iowa City', None, None, None, 'Smith', 'Elaine', 'Elaine Smith', None, 'additional', None, 13)]
19-Feb-21 17:22:31 - SELECT affiliation, authenticated_orcid, family, given, name, orcid, sequence, suffix FROM doidata.author where name LIKE '%zhang%';
19-Feb-21 17:22:31 - [('The University of Iowa Iowa City', None, 'Zhang', 'Xuyang', 'Xuyang Zhang', None, 'additional', None)]
19-Feb-21 17:22:31 - SELECT * FROM doidata._main_ JOIN doidata.author ON doidata._main_.id = doidata.author.fk WHERE doidata.author.name  LIKE '%zhang%';
19-Feb-21 17:22:31 - [(13, '10.1044/jslhr.4006.1245', 'http://dx.doi.org/10.1044/jslhr.4006.1245', None, '10.1044/jslhr.4006.1245', None, None, 'Journal of Speech, Language, and Hearing Research', '2014/7/29', datetime.datetime(2014, 7, 29, 20, 59, 28), 1406667568000, '2019/12/23', datetime.datetime(2019, 12, 23, 15, 1, 5), 1577113265000, '2020/6/22', datetime.datetime(2020, 6, 22, 22, 4, 14), 1592863454933, 1004, '6', None, '1997/12', None, None, 'en', '1310', 'None', '1245-1260', '10.1044', None, None, None, '1997/12', None, None, 'American Speech Language Hearing Association', None, 56, 56, 1.0, 'J Speech Lang Hear Res', 'None', 'Crossref', 'None', 'Prevalence of Specific Language Impairment in Kindergarten Children', 'journal-article', None, '40', 13, 57, 'The University of Iowa Iowa City', None, None, None, 'Zhang', 'Xuyang', 'Xuyang Zhang', None, 'additional', None, 13)]
19-Feb-21 17:22:31 - SELECT affiliation, authenticated_orcid, family, given, name, orcid, sequence, suffix FROM doidata.author where name LIKE '%darpan shah%';
19-Feb-21 17:22:31 - [(None, None, 'Shah', 'Darpan', 'Darpan Shah', None, None, None)]
19-Feb-21 17:22:31 - SELECT * FROM doidata._main_ JOIN doidata.author ON doidata._main_.id = doidata.author.fk WHERE doidata.author.name  LIKE '%darpan shah%';
19-Feb-21 17:22:31 - []
19-Feb-21 17:22:31 - SELECT affiliation, authenticated_orcid, family, given, name, orcid, sequence, suffix FROM doidata.author where name LIKE '%allen h. renear%';
19-Feb-21 17:22:31 - [(None, None, 'Renear', 'Allen H.', 'Allen H. Renear', None, None, None)]
19-Feb-21 17:22:31 - SELECT * FROM doidata._main_ JOIN doidata.author ON doidata._main_.id = doidata.author.fk WHERE doidata.author.name  LIKE '%allen h. renear%';
19-Feb-21 17:22:31 - []
19-Feb-21 17:22:31 - SELECT affiliation, authenticated_orcid, family, given, name, orcid, sequence, suffix FROM doidata.author where name LIKE '%hardy%';
19-Feb-21 17:22:31 - [('', None, 'Hardy', 'G.E.', 'G.E. Hardy', None, 'additional', None)]
19-Feb-21 17:22:31 - SELECT * FROM doidata._main_ JOIN doidata.author ON doidata._main_.id = doidata.author.fk WHERE doidata.author.name  LIKE '%hardy%';
19-Feb-21 17:22:32 - [(1, '10.1192/bjp.171.6.519', 'http://dx.doi.org/10.1192/bjp.171.6.519', '<jats:sec><jats:title>Background</jats:title><jats:p>It is widely suggested that many National Health Service (NHS) workers experience high levels of minor psychiatric disorder. However, inadequacies of sampling and measurement in studies to date have not allowed this suggestion to be properly evaluated.</jats:p></jats:sec><jats:sec><jats:title>Method</jats:title><jats:p>The present study was designed to overcome these methodological weaknesses by using a sample of over 11 000 employees from 19 NHS trusts and a well-established measure of minor psychiatric disorder for which there are comparative data.</jats:p></jats:sec><jats:sec><jats:title>Results</jats:title><jats:p>The findings show that 26.8% of the health service workers reported significant levels of minor psychiatric disorder, compared with 17.8% of people in the general population. Psychiatric morbidity was highest among managers, doctors, nurses and professions allied to medicine, with each of these groups recording higher rates than their professional counterparts outside the health service. It was lower among those in support occupations, such as administrative and ancillary staff. A feature of the findings was that female doctors and managers showed a much higher prevalence of minor psychiatric disorder than their male colleagues.</jats:p></jats:sec><jats:sec><jats:title>Conclusion</jats:title><jats:p>Studies are required to establish the organisational, occupational and individual determinants of minor psychiatric disorder among NHS employees.</jats:p></jats:sec>', 'S0007125000148573', None, None, 'British Journal of Psychiatry', '2008/10/15', datetime.datetime(2008, 10, 15, 5, 36, 56), 1224049016000, '2019/5/11', datetime.datetime(2019, 5, 11, 19, 51, 3), 1557604263000, '2020/5/7', datetime.datetime(2020, 5, 7, 22, 4, 37), 1588889077153, 179, '6', None, '1997/12', None, None, 'en', '170', 'None', '519-523', '10.1192', '2018/1/2', None, None, '1997/12', None, None, 'Royal College of Psychiatrists', None, 20, 20, 1.0, 'Br J Psychiatry', 'None', 'Crossref', 'None', 'Minor psychiatric disorder in NHS trust staff: Occupational and gender differences', 'journal-article', None, '171', 1, 11, '', None, None, None, 'Hardy', 'G.E.', 'G.E. Hardy', None, 'additional', None, 1)]
19-Feb-21 17:22:32 - SELECT affiliation, authenticated_orcid, family, given, name, orcid, sequence, suffix FROM doidata.author where name LIKE '%jane smith%';
19-Feb-21 17:22:32 - [(None, None, 'Smith', 'Jane', 'Jane Smith', None, None, None)]
19-Feb-21 17:22:32 - SELECT * FROM doidata._main_ JOIN doidata.author ON doidata._main_.id = doidata.author.fk WHERE doidata.author.name  LIKE '%jane smith%';
19-Feb-21 17:22:32 - []
19-Feb-21 17:22:32 - SELECT affiliation, authenticated_orcid, family, given, name, orcid, sequence, suffix FROM doidata.author where name LIKE '%wickett%';
19-Feb-21 17:22:32 - [(None, None, 'Wickett', 'Karen M.', 'Karen M. Wickett', None, None, None)]
19-Feb-21 17:22:32 - SELECT * FROM doidata._main_ JOIN doidata.author ON doidata._main_.id = doidata.author.fk WHERE doidata.author.name  LIKE '%wickett%';
19-Feb-21 17:22:32 - []
19-Feb-21 17:22:32 - SELECT affiliation, authenticated_orcid, family, given, name, orcid, sequence, suffix FROM doidata.author where name LIKE '%okamoto%';
19-Feb-21 17:22:32 - [('', None, 'Okamoto', 'K.', 'K. Okamoto', None, 'first', None)]
19-Feb-21 17:22:32 - SELECT * FROM doidata._main_ JOIN doidata.author ON doidata._main_.id = doidata.author.fk WHERE doidata.author.name  LIKE '%okamoto%';
19-Feb-21 17:22:32 - [(3, '10.1080/014311697216621', 'http://dx.doi.org/10.1080/014311697216621', None, '10.1080/014311697216621', None, None, 'International Journal of Remote Sensing', '2002/7/26', datetime.datetime(2002, 7, 26, 15, 40, 29), 1027698029000, '2018/10/5', datetime.datetime(2018, 10, 5, 14, 58, 11), 1538751491000, '2020/3/31', datetime.datetime(2020, 3, 31, 4, 3, 1), 1585627381252, 3, '18', None, '1997/12', None, None, 'en', '301', 'None', '3797-3810', '10.1080', '2010/11/25', None, None, '1997/12', None, None, 'Informa UK Limited', None, 0, 0, 1.0, 'International Journal of Remote Sensing', 'None', 'Crossref', 'None', 'Global prediction of area change of suitable regions for cereal cultivation caused by global warming', 'journal-article', None, '18', 3, 19, '', None, None, None, 'Okamoto', 'K.', 'K. Okamoto', None, 'first', None, 3)]
19-Feb-21 17:22:32 - SELECT affiliation, authenticated_orcid, family, given, name, orcid, sequence, suffix FROM doidata.author where name LIKE '%d.a. golya%';
19-Feb-21 17:22:32 - [('', None, 'Golya', 'D.A.', 'D.A. Golya', None, 'additional', None)]
19-Feb-21 17:22:32 - SELECT * FROM doidata._main_ JOIN doidata.author ON doidata._main_.id = doidata.author.fk WHERE doidata.author.name  LIKE '%d.a. golya%';
19-Feb-21 17:22:32 - [(1, '10.1192/bjp.171.6.519', 'http://dx.doi.org/10.1192/bjp.171.6.519', '<jats:sec><jats:title>Background</jats:title><jats:p>It is widely suggested that many National Health Service (NHS) workers experience high levels of minor psychiatric disorder. However, inadequacies of sampling and measurement in studies to date have not allowed this suggestion to be properly evaluated.</jats:p></jats:sec><jats:sec><jats:title>Method</jats:title><jats:p>The present study was designed to overcome these methodological weaknesses by using a sample of over 11 000 employees from 19 NHS trusts and a well-established measure of minor psychiatric disorder for which there are comparative data.</jats:p></jats:sec><jats:sec><jats:title>Results</jats:title><jats:p>The findings show that 26.8% of the health service workers reported significant levels of minor psychiatric disorder, compared with 17.8% of people in the general population. Psychiatric morbidity was highest among managers, doctors, nurses and professions allied to medicine, with each of these groups recording higher rates than their professional counterparts outside the health service. It was lower among those in support occupations, such as administrative and ancillary staff. A feature of the findings was that female doctors and managers showed a much higher prevalence of minor psychiatric disorder than their male colleagues.</jats:p></jats:sec><jats:sec><jats:title>Conclusion</jats:title><jats:p>Studies are required to establish the organisational, occupational and individual determinants of minor psychiatric disorder among NHS employees.</jats:p></jats:sec>', 'S0007125000148573', None, None, 'British Journal of Psychiatry', '2008/10/15', datetime.datetime(2008, 10, 15, 5, 36, 56), 1224049016000, '2019/5/11', datetime.datetime(2019, 5, 11, 19, 51, 3), 1557604263000, '2020/5/7', datetime.datetime(2020, 5, 7, 22, 4, 37), 1588889077153, 179, '6', None, '1997/12', None, None, 'en', '170', 'None', '519-523', '10.1192', '2018/1/2', None, None, '1997/12', None, None, 'Royal College of Psychiatrists', None, 20, 20, 1.0, 'Br J Psychiatry', 'None', 'Crossref', 'None', 'Minor psychiatric disorder in NHS trust staff: Occupational and gender differences', 'journal-article', None, '171', 1, 10, '', None, None, None, 'Golya', 'D.A.', 'D.A. Golya', None, 'additional', None, 1)]
19-Feb-21 17:32:11 - SELECT affiliation, authenticated_orcid, family, given, name, orcid, sequence, suffix FROM doidata.author where name LIKE '%smith%';
19-Feb-21 17:32:11 - [(None, None, 'Smith', 'Jane', 'Jane Smith', None, None, None), ('The University of Iowa Iowa City', None, 'Smith', 'Elaine', 'Elaine Smith', None, 'additional', None)]
19-Feb-21 17:32:11 - SELECT * FROM doidata._main_ JOIN doidata.author ON doidata._main_.id = doidata.author.fk WHERE doidata.author.name  LIKE '%smith%';
19-Feb-21 17:32:11 - [(13, '10.1044/jslhr.4006.1245', 'http://dx.doi.org/10.1044/jslhr.4006.1245', None, '10.1044/jslhr.4006.1245', None, None, 'Journal of Speech, Language, and Hearing Research', '2014/7/29', datetime.datetime(2014, 7, 29, 20, 59, 28), 1406667568000, '2019/12/23', datetime.datetime(2019, 12, 23, 15, 1, 5), 1577113265000, '2020/6/22', datetime.datetime(2020, 6, 22, 22, 4, 14), 1592863454933, 1004, '6', None, '1997/12', None, None, 'en', '1310', 'None', '1245-1260', '10.1044', None, None, None, '1997/12', None, None, 'American Speech Language Hearing Association', None, 56, 56, 1.0, 'J Speech Lang Hear Res', 'None', 'Crossref', 'None', 'Prevalence of Specific Language Impairment in Kindergarten Children', 'journal-article', None, '40', 13, 58, 'The University of Iowa Iowa City', None, None, None, 'Smith', 'Elaine', 'Elaine Smith', None, 'additional', None, 13)]
19-Feb-21 17:32:11 - SELECT affiliation, authenticated_orcid, family, given, name, orcid, sequence, suffix FROM doidata.author where name LIKE '%zhang%';
19-Feb-21 17:32:11 - [('The University of Iowa Iowa City', None, 'Zhang', 'Xuyang', 'Xuyang Zhang', None, 'additional', None)]
19-Feb-21 17:32:11 - SELECT * FROM doidata._main_ JOIN doidata.author ON doidata._main_.id = doidata.author.fk WHERE doidata.author.name  LIKE '%zhang%';
19-Feb-21 17:32:11 - [(13, '10.1044/jslhr.4006.1245', 'http://dx.doi.org/10.1044/jslhr.4006.1245', None, '10.1044/jslhr.4006.1245', None, None, 'Journal of Speech, Language, and Hearing Research', '2014/7/29', datetime.datetime(2014, 7, 29, 20, 59, 28), 1406667568000, '2019/12/23', datetime.datetime(2019, 12, 23, 15, 1, 5), 1577113265000, '2020/6/22', datetime.datetime(2020, 6, 22, 22, 4, 14), 1592863454933, 1004, '6', None, '1997/12', None, None, 'en', '1310', 'None', '1245-1260', '10.1044', None, None, None, '1997/12', None, None, 'American Speech Language Hearing Association', None, 56, 56, 1.0, 'J Speech Lang Hear Res', 'None', 'Crossref', 'None', 'Prevalence of Specific Language Impairment in Kindergarten Children', 'journal-article', None, '40', 13, 57, 'The University of Iowa Iowa City', None, None, None, 'Zhang', 'Xuyang', 'Xuyang Zhang', None, 'additional', None, 13)]
19-Feb-21 17:32:11 - SELECT affiliation, authenticated_orcid, family, given, name, orcid, sequence, suffix FROM doidata.author where name LIKE '%darpan shah%';
19-Feb-21 17:32:11 - [(None, None, 'Shah', 'Darpan', 'Darpan Shah', None, None, None)]
19-Feb-21 17:32:11 - SELECT * FROM doidata._main_ JOIN doidata.author ON doidata._main_.id = doidata.author.fk WHERE doidata.author.name  LIKE '%darpan shah%';
19-Feb-21 17:32:11 - []
19-Feb-21 17:32:11 - SELECT affiliation, authenticated_orcid, family, given, name, orcid, sequence, suffix FROM doidata.author where name LIKE '%allen h. renear%';
19-Feb-21 17:32:11 - [(None, None, 'Renear', 'Allen H.', 'Allen H. Renear', None, None, None)]
19-Feb-21 17:32:11 - SELECT * FROM doidata._main_ JOIN doidata.author ON doidata._main_.id = doidata.author.fk WHERE doidata.author.name  LIKE '%allen h. renear%';
19-Feb-21 17:32:11 - []
19-Feb-21 17:32:11 - SELECT affiliation, authenticated_orcid, family, given, name, orcid, sequence, suffix FROM doidata.author where name LIKE '%hardy%';
19-Feb-21 17:32:11 - [('', None, 'Hardy', 'G.E.', 'G.E. Hardy', None, 'additional', None)]
19-Feb-21 17:32:11 - SELECT * FROM doidata._main_ JOIN doidata.author ON doidata._main_.id = doidata.author.fk WHERE doidata.author.name  LIKE '%hardy%';
19-Feb-21 17:32:11 - [(1, '10.1192/bjp.171.6.519', 'http://dx.doi.org/10.1192/bjp.171.6.519', '<jats:sec><jats:title>Background</jats:title><jats:p>It is widely suggested that many National Health Service (NHS) workers experience high levels of minor psychiatric disorder. However, inadequacies of sampling and measurement in studies to date have not allowed this suggestion to be properly evaluated.</jats:p></jats:sec><jats:sec><jats:title>Method</jats:title><jats:p>The present study was designed to overcome these methodological weaknesses by using a sample of over 11 000 employees from 19 NHS trusts and a well-established measure of minor psychiatric disorder for which there are comparative data.</jats:p></jats:sec><jats:sec><jats:title>Results</jats:title><jats:p>The findings show that 26.8% of the health service workers reported significant levels of minor psychiatric disorder, compared with 17.8% of people in the general population. Psychiatric morbidity was highest among managers, doctors, nurses and professions allied to medicine, with each of these groups recording higher rates than their professional counterparts outside the health service. It was lower among those in support occupations, such as administrative and ancillary staff. A feature of the findings was that female doctors and managers showed a much higher prevalence of minor psychiatric disorder than their male colleagues.</jats:p></jats:sec><jats:sec><jats:title>Conclusion</jats:title><jats:p>Studies are required to establish the organisational, occupational and individual determinants of minor psychiatric disorder among NHS employees.</jats:p></jats:sec>', 'S0007125000148573', None, None, 'British Journal of Psychiatry', '2008/10/15', datetime.datetime(2008, 10, 15, 5, 36, 56), 1224049016000, '2019/5/11', datetime.datetime(2019, 5, 11, 19, 51, 3), 1557604263000, '2020/5/7', datetime.datetime(2020, 5, 7, 22, 4, 37), 1588889077153, 179, '6', None, '1997/12', None, None, 'en', '170', 'None', '519-523', '10.1192', '2018/1/2', None, None, '1997/12', None, None, 'Royal College of Psychiatrists', None, 20, 20, 1.0, 'Br J Psychiatry', 'None', 'Crossref', 'None', 'Minor psychiatric disorder in NHS trust staff: Occupational and gender differences', 'journal-article', None, '171', 1, 11, '', None, None, None, 'Hardy', 'G.E.', 'G.E. Hardy', None, 'additional', None, 1)]
19-Feb-21 17:32:11 - SELECT affiliation, authenticated_orcid, family, given, name, orcid, sequence, suffix FROM doidata.author where name LIKE '%jane smith%';
19-Feb-21 17:32:11 - [(None, None, 'Smith', 'Jane', 'Jane Smith', None, None, None)]
19-Feb-21 17:32:11 - SELECT * FROM doidata._main_ JOIN doidata.author ON doidata._main_.id = doidata.author.fk WHERE doidata.author.name  LIKE '%jane smith%';
19-Feb-21 17:32:11 - []
19-Feb-21 17:32:11 - SELECT affiliation, authenticated_orcid, family, given, name, orcid, sequence, suffix FROM doidata.author where name LIKE '%wickett%';
19-Feb-21 17:32:11 - [(None, None, 'Wickett', 'Karen M.', 'Karen M. Wickett', None, None, None)]
19-Feb-21 17:32:12 - SELECT * FROM doidata._main_ JOIN doidata.author ON doidata._main_.id = doidata.author.fk WHERE doidata.author.name  LIKE '%wickett%';
19-Feb-21 17:32:12 - []
19-Feb-21 17:32:12 - SELECT affiliation, authenticated_orcid, family, given, name, orcid, sequence, suffix FROM doidata.author where name LIKE '%okamoto%';
19-Feb-21 17:32:12 - [('', None, 'Okamoto', 'K.', 'K. Okamoto', None, 'first', None)]
19-Feb-21 17:32:12 - SELECT * FROM doidata._main_ JOIN doidata.author ON doidata._main_.id = doidata.author.fk WHERE doidata.author.name  LIKE '%okamoto%';
19-Feb-21 17:32:12 - [(3, '10.1080/014311697216621', 'http://dx.doi.org/10.1080/014311697216621', None, '10.1080/014311697216621', None, None, 'International Journal of Remote Sensing', '2002/7/26', datetime.datetime(2002, 7, 26, 15, 40, 29), 1027698029000, '2018/10/5', datetime.datetime(2018, 10, 5, 14, 58, 11), 1538751491000, '2020/3/31', datetime.datetime(2020, 3, 31, 4, 3, 1), 1585627381252, 3, '18', None, '1997/12', None, None, 'en', '301', 'None', '3797-3810', '10.1080', '2010/11/25', None, None, '1997/12', None, None, 'Informa UK Limited', None, 0, 0, 1.0, 'International Journal of Remote Sensing', 'None', 'Crossref', 'None', 'Global prediction of area change of suitable regions for cereal cultivation caused by global warming', 'journal-article', None, '18', 3, 19, '', None, None, None, 'Okamoto', 'K.', 'K. Okamoto', None, 'first', None, 3)]
19-Feb-21 17:32:12 - SELECT affiliation, authenticated_orcid, family, given, name, orcid, sequence, suffix FROM doidata.author where name LIKE '%d.a. golya%';
19-Feb-21 17:32:12 - [('', None, 'Golya', 'D.A.', 'D.A. Golya', None, 'additional', None)]
19-Feb-21 17:32:12 - SELECT * FROM doidata._main_ JOIN doidata.author ON doidata._main_.id = doidata.author.fk WHERE doidata.author.name  LIKE '%d.a. golya%';
19-Feb-21 17:32:12 - [(1, '10.1192/bjp.171.6.519', 'http://dx.doi.org/10.1192/bjp.171.6.519', '<jats:sec><jats:title>Background</jats:title><jats:p>It is widely suggested that many National Health Service (NHS) workers experience high levels of minor psychiatric disorder. However, inadequacies of sampling and measurement in studies to date have not allowed this suggestion to be properly evaluated.</jats:p></jats:sec><jats:sec><jats:title>Method</jats:title><jats:p>The present study was designed to overcome these methodological weaknesses by using a sample of over 11 000 employees from 19 NHS trusts and a well-established measure of minor psychiatric disorder for which there are comparative data.</jats:p></jats:sec><jats:sec><jats:title>Results</jats:title><jats:p>The findings show that 26.8% of the health service workers reported significant levels of minor psychiatric disorder, compared with 17.8% of people in the general population. Psychiatric morbidity was highest among managers, doctors, nurses and professions allied to medicine, with each of these groups recording higher rates than their professional counterparts outside the health service. It was lower among those in support occupations, such as administrative and ancillary staff. A feature of the findings was that female doctors and managers showed a much higher prevalence of minor psychiatric disorder than their male colleagues.</jats:p></jats:sec><jats:sec><jats:title>Conclusion</jats:title><jats:p>Studies are required to establish the organisational, occupational and individual determinants of minor psychiatric disorder among NHS employees.</jats:p></jats:sec>', 'S0007125000148573', None, None, 'British Journal of Psychiatry', '2008/10/15', datetime.datetime(2008, 10, 15, 5, 36, 56), 1224049016000, '2019/5/11', datetime.datetime(2019, 5, 11, 19, 51, 3), 1557604263000, '2020/5/7', datetime.datetime(2020, 5, 7, 22, 4, 37), 1588889077153, 179, '6', None, '1997/12', None, None, 'en', '170', 'None', '519-523', '10.1192', '2018/1/2', None, None, '1997/12', None, None, 'Royal College of Psychiatrists', None, 20, 20, 1.0, 'Br J Psychiatry', 'None', 'Crossref', 'None', 'Minor psychiatric disorder in NHS trust staff: Occupational and gender differences', 'journal-article', None, '171', 1, 10, '', None, None, None, 'Golya', 'D.A.', 'D.A. Golya', None, 'additional', None, 1)]
19-Feb-21 17:32:12 - SELECT affiliation, authenticated_orcid, family, given, name, orcid, sequence, suffix FROM doidata.author where name LIKE '%this will trigger not found%';
19-Feb-21 17:32:12 - []
19-Feb-21 17:32:12 - AUTHOR NOT FOUND: this will trigger not found
19-Feb-21 17:33:38 - SELECT affiliation, authenticated_orcid, family, given, name, orcid, sequence, suffix FROM doidata.author where name LIKE '%smith%';
19-Feb-21 17:33:38 - [(None, None, 'Smith', 'Jane', 'Jane Smith', None, None, None), ('The University of Iowa Iowa City', None, 'Smith', 'Elaine', 'Elaine Smith', None, 'additional', None)]
19-Feb-21 17:33:38 - SELECT * FROM doidata._main_ JOIN doidata.author ON doidata._main_.id = doidata.author.fk WHERE doidata.author.name  LIKE '%smith%';
19-Feb-21 17:33:38 - [(13, '10.1044/jslhr.4006.1245', 'http://dx.doi.org/10.1044/jslhr.4006.1245', None, '10.1044/jslhr.4006.1245', None, None, 'Journal of Speech, Language, and Hearing Research', '2014/7/29', datetime.datetime(2014, 7, 29, 20, 59, 28), 1406667568000, '2019/12/23', datetime.datetime(2019, 12, 23, 15, 1, 5), 1577113265000, '2020/6/22', datetime.datetime(2020, 6, 22, 22, 4, 14), 1592863454933, 1004, '6', None, '1997/12', None, None, 'en', '1310', 'None', '1245-1260', '10.1044', None, None, None, '1997/12', None, None, 'American Speech Language Hearing Association', None, 56, 56, 1.0, 'J Speech Lang Hear Res', 'None', 'Crossref', 'None', 'Prevalence of Specific Language Impairment in Kindergarten Children', 'journal-article', None, '40', 13, 58, 'The University of Iowa Iowa City', None, None, None, 'Smith', 'Elaine', 'Elaine Smith', None, 'additional', None, 13)]
19-Feb-21 17:33:38 - SELECT affiliation, authenticated_orcid, family, given, name, orcid, sequence, suffix FROM doidata.author where name LIKE '%zhang%';
19-Feb-21 17:33:38 - [('The University of Iowa Iowa City', None, 'Zhang', 'Xuyang', 'Xuyang Zhang', None, 'additional', None)]
19-Feb-21 17:33:38 - SELECT * FROM doidata._main_ JOIN doidata.author ON doidata._main_.id = doidata.author.fk WHERE doidata.author.name  LIKE '%zhang%';
19-Feb-21 17:33:38 - [(13, '10.1044/jslhr.4006.1245', 'http://dx.doi.org/10.1044/jslhr.4006.1245', None, '10.1044/jslhr.4006.1245', None, None, 'Journal of Speech, Language, and Hearing Research', '2014/7/29', datetime.datetime(2014, 7, 29, 20, 59, 28), 1406667568000, '2019/12/23', datetime.datetime(2019, 12, 23, 15, 1, 5), 1577113265000, '2020/6/22', datetime.datetime(2020, 6, 22, 22, 4, 14), 1592863454933, 1004, '6', None, '1997/12', None, None, 'en', '1310', 'None', '1245-1260', '10.1044', None, None, None, '1997/12', None, None, 'American Speech Language Hearing Association', None, 56, 56, 1.0, 'J Speech Lang Hear Res', 'None', 'Crossref', 'None', 'Prevalence of Specific Language Impairment in Kindergarten Children', 'journal-article', None, '40', 13, 57, 'The University of Iowa Iowa City', None, None, None, 'Zhang', 'Xuyang', 'Xuyang Zhang', None, 'additional', None, 13)]
19-Feb-21 17:33:38 - SELECT affiliation, authenticated_orcid, family, given, name, orcid, sequence, suffix FROM doidata.author where name LIKE '%darpan shah%';
19-Feb-21 17:33:38 - [(None, None, 'Shah', 'Darpan', 'Darpan Shah', None, None, None)]
19-Feb-21 17:33:38 - SELECT * FROM doidata._main_ JOIN doidata.author ON doidata._main_.id = doidata.author.fk WHERE doidata.author.name  LIKE '%darpan shah%';
19-Feb-21 17:33:38 - []
19-Feb-21 17:33:38 - SELECT affiliation, authenticated_orcid, family, given, name, orcid, sequence, suffix FROM doidata.author where name LIKE '%allen h. renear%';
19-Feb-21 17:33:38 - [(None, None, 'Renear', 'Allen H.', 'Allen H. Renear', None, None, None)]
19-Feb-21 17:33:38 - SELECT * FROM doidata._main_ JOIN doidata.author ON doidata._main_.id = doidata.author.fk WHERE doidata.author.name  LIKE '%allen h. renear%';
19-Feb-21 17:33:38 - []
19-Feb-21 17:33:38 - SELECT affiliation, authenticated_orcid, family, given, name, orcid, sequence, suffix FROM doidata.author where name LIKE '%hardy%';
19-Feb-21 17:33:38 - [('', None, 'Hardy', 'G.E.', 'G.E. Hardy', None, 'additional', None)]
19-Feb-21 17:33:38 - SELECT * FROM doidata._main_ JOIN doidata.author ON doidata._main_.id = doidata.author.fk WHERE doidata.author.name  LIKE '%hardy%';
19-Feb-21 17:33:39 - [(1, '10.1192/bjp.171.6.519', 'http://dx.doi.org/10.1192/bjp.171.6.519', '<jats:sec><jats:title>Background</jats:title><jats:p>It is widely suggested that many National Health Service (NHS) workers experience high levels of minor psychiatric disorder. However, inadequacies of sampling and measurement in studies to date have not allowed this suggestion to be properly evaluated.</jats:p></jats:sec><jats:sec><jats:title>Method</jats:title><jats:p>The present study was designed to overcome these methodological weaknesses by using a sample of over 11 000 employees from 19 NHS trusts and a well-established measure of minor psychiatric disorder for which there are comparative data.</jats:p></jats:sec><jats:sec><jats:title>Results</jats:title><jats:p>The findings show that 26.8% of the health service workers reported significant levels of minor psychiatric disorder, compared with 17.8% of people in the general population. Psychiatric morbidity was highest among managers, doctors, nurses and professions allied to medicine, with each of these groups recording higher rates than their professional counterparts outside the health service. It was lower among those in support occupations, such as administrative and ancillary staff. A feature of the findings was that female doctors and managers showed a much higher prevalence of minor psychiatric disorder than their male colleagues.</jats:p></jats:sec><jats:sec><jats:title>Conclusion</jats:title><jats:p>Studies are required to establish the organisational, occupational and individual determinants of minor psychiatric disorder among NHS employees.</jats:p></jats:sec>', 'S0007125000148573', None, None, 'British Journal of Psychiatry', '2008/10/15', datetime.datetime(2008, 10, 15, 5, 36, 56), 1224049016000, '2019/5/11', datetime.datetime(2019, 5, 11, 19, 51, 3), 1557604263000, '2020/5/7', datetime.datetime(2020, 5, 7, 22, 4, 37), 1588889077153, 179, '6', None, '1997/12', None, None, 'en', '170', 'None', '519-523', '10.1192', '2018/1/2', None, None, '1997/12', None, None, 'Royal College of Psychiatrists', None, 20, 20, 1.0, 'Br J Psychiatry', 'None', 'Crossref', 'None', 'Minor psychiatric disorder in NHS trust staff: Occupational and gender differences', 'journal-article', None, '171', 1, 11, '', None, None, None, 'Hardy', 'G.E.', 'G.E. Hardy', None, 'additional', None, 1)]
19-Feb-21 17:33:39 - SELECT affiliation, authenticated_orcid, family, given, name, orcid, sequence, suffix FROM doidata.author where name LIKE '%jane smith%';
19-Feb-21 17:33:39 - [(None, None, 'Smith', 'Jane', 'Jane Smith', None, None, None)]
19-Feb-21 17:33:39 - SELECT * FROM doidata._main_ JOIN doidata.author ON doidata._main_.id = doidata.author.fk WHERE doidata.author.name  LIKE '%jane smith%';
19-Feb-21 17:33:39 - []
19-Feb-21 17:33:39 - SELECT affiliation, authenticated_orcid, family, given, name, orcid, sequence, suffix FROM doidata.author where name LIKE '%wickett%';
19-Feb-21 17:33:39 - [(None, None, 'Wickett', 'Karen M.', 'Karen M. Wickett', None, None, None)]
19-Feb-21 17:33:39 - SELECT * FROM doidata._main_ JOIN doidata.author ON doidata._main_.id = doidata.author.fk WHERE doidata.author.name  LIKE '%wickett%';
19-Feb-21 17:33:39 - []
19-Feb-21 17:33:39 - SELECT affiliation, authenticated_orcid, family, given, name, orcid, sequence, suffix FROM doidata.author where name LIKE '%okamoto%';
19-Feb-21 17:33:39 - [('', None, 'Okamoto', 'K.', 'K. Okamoto', None, 'first', None)]
19-Feb-21 17:33:39 - SELECT * FROM doidata._main_ JOIN doidata.author ON doidata._main_.id = doidata.author.fk WHERE doidata.author.name  LIKE '%okamoto%';
19-Feb-21 17:33:39 - [(3, '10.1080/014311697216621', 'http://dx.doi.org/10.1080/014311697216621', None, '10.1080/014311697216621', None, None, 'International Journal of Remote Sensing', '2002/7/26', datetime.datetime(2002, 7, 26, 15, 40, 29), 1027698029000, '2018/10/5', datetime.datetime(2018, 10, 5, 14, 58, 11), 1538751491000, '2020/3/31', datetime.datetime(2020, 3, 31, 4, 3, 1), 1585627381252, 3, '18', None, '1997/12', None, None, 'en', '301', 'None', '3797-3810', '10.1080', '2010/11/25', None, None, '1997/12', None, None, 'Informa UK Limited', None, 0, 0, 1.0, 'International Journal of Remote Sensing', 'None', 'Crossref', 'None', 'Global prediction of area change of suitable regions for cereal cultivation caused by global warming', 'journal-article', None, '18', 3, 19, '', None, None, None, 'Okamoto', 'K.', 'K. Okamoto', None, 'first', None, 3)]
19-Feb-21 17:33:39 - SELECT affiliation, authenticated_orcid, family, given, name, orcid, sequence, suffix FROM doidata.author where name LIKE '%d.a. golya%';
19-Feb-21 17:33:39 - [('', None, 'Golya', 'D.A.', 'D.A. Golya', None, 'additional', None)]
19-Feb-21 17:33:39 - SELECT * FROM doidata._main_ JOIN doidata.author ON doidata._main_.id = doidata.author.fk WHERE doidata.author.name  LIKE '%d.a. golya%';
19-Feb-21 17:33:40 - [(1, '10.1192/bjp.171.6.519', 'http://dx.doi.org/10.1192/bjp.171.6.519', '<jats:sec><jats:title>Background</jats:title><jats:p>It is widely suggested that many National Health Service (NHS) workers experience high levels of minor psychiatric disorder. However, inadequacies of sampling and measurement in studies to date have not allowed this suggestion to be properly evaluated.</jats:p></jats:sec><jats:sec><jats:title>Method</jats:title><jats:p>The present study was designed to overcome these methodological weaknesses by using a sample of over 11 000 employees from 19 NHS trusts and a well-established measure of minor psychiatric disorder for which there are comparative data.</jats:p></jats:sec><jats:sec><jats:title>Results</jats:title><jats:p>The findings show that 26.8% of the health service workers reported significant levels of minor psychiatric disorder, compared with 17.8% of people in the general population. Psychiatric morbidity was highest among managers, doctors, nurses and professions allied to medicine, with each of these groups recording higher rates than their professional counterparts outside the health service. It was lower among those in support occupations, such as administrative and ancillary staff. A feature of the findings was that female doctors and managers showed a much higher prevalence of minor psychiatric disorder than their male colleagues.</jats:p></jats:sec><jats:sec><jats:title>Conclusion</jats:title><jats:p>Studies are required to establish the organisational, occupational and individual determinants of minor psychiatric disorder among NHS employees.</jats:p></jats:sec>', 'S0007125000148573', None, None, 'British Journal of Psychiatry', '2008/10/15', datetime.datetime(2008, 10, 15, 5, 36, 56), 1224049016000, '2019/5/11', datetime.datetime(2019, 5, 11, 19, 51, 3), 1557604263000, '2020/5/7', datetime.datetime(2020, 5, 7, 22, 4, 37), 1588889077153, 179, '6', None, '1997/12', None, None, 'en', '170', 'None', '519-523', '10.1192', '2018/1/2', None, None, '1997/12', None, None, 'Royal College of Psychiatrists', None, 20, 20, 1.0, 'Br J Psychiatry', 'None', 'Crossref', 'None', 'Minor psychiatric disorder in NHS trust staff: Occupational and gender differences', 'journal-article', None, '171', 1, 10, '', None, None, None, 'Golya', 'D.A.', 'D.A. Golya', None, 'additional', None, 1)]
19-Feb-21 17:33:40 - SELECT affiliation, authenticated_orcid, family, given, name, orcid, sequence, suffix FROM doidata.author where name LIKE '%this will trigger not found%';
19-Feb-21 17:33:40 - []
19-Feb-21 17:33:40 - AUTHOR NOT FOUND: this will trigger not found
19-Feb-21 17:34:48 - SELECT affiliation, authenticated_orcid, family, given, name, orcid, sequence, suffix FROM doidata.author where name LIKE '%smith%';
19-Feb-21 17:34:48 - [(None, None, 'Smith', 'Jane', 'Jane Smith', None, None, None), ('The University of Iowa Iowa City', None, 'Smith', 'Elaine', 'Elaine Smith', None, 'additional', None)]
19-Feb-21 17:34:48 - SELECT * FROM doidata._main_ JOIN doidata.author ON doidata._main_.id = doidata.author.fk WHERE doidata.author.name  LIKE '%smith%';
19-Feb-21 17:34:48 - [(13, '10.1044/jslhr.4006.1245', 'http://dx.doi.org/10.1044/jslhr.4006.1245', None, '10.1044/jslhr.4006.1245', None, None, 'Journal of Speech, Language, and Hearing Research', '2014/7/29', datetime.datetime(2014, 7, 29, 20, 59, 28), 1406667568000, '2019/12/23', datetime.datetime(2019, 12, 23, 15, 1, 5), 1577113265000, '2020/6/22', datetime.datetime(2020, 6, 22, 22, 4, 14), 1592863454933, 1004, '6', None, '1997/12', None, None, 'en', '1310', 'None', '1245-1260', '10.1044', None, None, None, '1997/12', None, None, 'American Speech Language Hearing Association', None, 56, 56, 1.0, 'J Speech Lang Hear Res', 'None', 'Crossref', 'None', 'Prevalence of Specific Language Impairment in Kindergarten Children', 'journal-article', None, '40', 13, 58, 'The University of Iowa Iowa City', None, None, None, 'Smith', 'Elaine', 'Elaine Smith', None, 'additional', None, 13)]
19-Feb-21 17:34:49 - SELECT affiliation, authenticated_orcid, family, given, name, orcid, sequence, suffix FROM doidata.author where name LIKE '%zhang%';
19-Feb-21 17:34:49 - [('The University of Iowa Iowa City', None, 'Zhang', 'Xuyang', 'Xuyang Zhang', None, 'additional', None)]
19-Feb-21 17:34:49 - SELECT * FROM doidata._main_ JOIN doidata.author ON doidata._main_.id = doidata.author.fk WHERE doidata.author.name  LIKE '%zhang%';
19-Feb-21 17:34:49 - [(13, '10.1044/jslhr.4006.1245', 'http://dx.doi.org/10.1044/jslhr.4006.1245', None, '10.1044/jslhr.4006.1245', None, None, 'Journal of Speech, Language, and Hearing Research', '2014/7/29', datetime.datetime(2014, 7, 29, 20, 59, 28), 1406667568000, '2019/12/23', datetime.datetime(2019, 12, 23, 15, 1, 5), 1577113265000, '2020/6/22', datetime.datetime(2020, 6, 22, 22, 4, 14), 1592863454933, 1004, '6', None, '1997/12', None, None, 'en', '1310', 'None', '1245-1260', '10.1044', None, None, None, '1997/12', None, None, 'American Speech Language Hearing Association', None, 56, 56, 1.0, 'J Speech Lang Hear Res', 'None', 'Crossref', 'None', 'Prevalence of Specific Language Impairment in Kindergarten Children', 'journal-article', None, '40', 13, 57, 'The University of Iowa Iowa City', None, None, None, 'Zhang', 'Xuyang', 'Xuyang Zhang', None, 'additional', None, 13)]
19-Feb-21 17:34:49 - SELECT affiliation, authenticated_orcid, family, given, name, orcid, sequence, suffix FROM doidata.author where name LIKE '%darpan shah%';
19-Feb-21 17:34:49 - [(None, None, 'Shah', 'Darpan', 'Darpan Shah', None, None, None)]
19-Feb-21 17:34:49 - SELECT * FROM doidata._main_ JOIN doidata.author ON doidata._main_.id = doidata.author.fk WHERE doidata.author.name  LIKE '%darpan shah%';
19-Feb-21 17:34:49 - []
19-Feb-21 17:34:49 - SELECT affiliation, authenticated_orcid, family, given, name, orcid, sequence, suffix FROM doidata.author where name LIKE '%allen h. renear%';
19-Feb-21 17:34:49 - [(None, None, 'Renear', 'Allen H.', 'Allen H. Renear', None, None, None)]
19-Feb-21 17:34:49 - SELECT * FROM doidata._main_ JOIN doidata.author ON doidata._main_.id = doidata.author.fk WHERE doidata.author.name  LIKE '%allen h. renear%';
19-Feb-21 17:34:49 - []
19-Feb-21 17:34:49 - SELECT affiliation, authenticated_orcid, family, given, name, orcid, sequence, suffix FROM doidata.author where name LIKE '%hardy%';
19-Feb-21 17:34:49 - [('', None, 'Hardy', 'G.E.', 'G.E. Hardy', None, 'additional', None)]
19-Feb-21 17:34:49 - SELECT * FROM doidata._main_ JOIN doidata.author ON doidata._main_.id = doidata.author.fk WHERE doidata.author.name  LIKE '%hardy%';
19-Feb-21 17:34:49 - [(1, '10.1192/bjp.171.6.519', 'http://dx.doi.org/10.1192/bjp.171.6.519', '<jats:sec><jats:title>Background</jats:title><jats:p>It is widely suggested that many National Health Service (NHS) workers experience high levels of minor psychiatric disorder. However, inadequacies of sampling and measurement in studies to date have not allowed this suggestion to be properly evaluated.</jats:p></jats:sec><jats:sec><jats:title>Method</jats:title><jats:p>The present study was designed to overcome these methodological weaknesses by using a sample of over 11 000 employees from 19 NHS trusts and a well-established measure of minor psychiatric disorder for which there are comparative data.</jats:p></jats:sec><jats:sec><jats:title>Results</jats:title><jats:p>The findings show that 26.8% of the health service workers reported significant levels of minor psychiatric disorder, compared with 17.8% of people in the general population. Psychiatric morbidity was highest among managers, doctors, nurses and professions allied to medicine, with each of these groups recording higher rates than their professional counterparts outside the health service. It was lower among those in support occupations, such as administrative and ancillary staff. A feature of the findings was that female doctors and managers showed a much higher prevalence of minor psychiatric disorder than their male colleagues.</jats:p></jats:sec><jats:sec><jats:title>Conclusion</jats:title><jats:p>Studies are required to establish the organisational, occupational and individual determinants of minor psychiatric disorder among NHS employees.</jats:p></jats:sec>', 'S0007125000148573', None, None, 'British Journal of Psychiatry', '2008/10/15', datetime.datetime(2008, 10, 15, 5, 36, 56), 1224049016000, '2019/5/11', datetime.datetime(2019, 5, 11, 19, 51, 3), 1557604263000, '2020/5/7', datetime.datetime(2020, 5, 7, 22, 4, 37), 1588889077153, 179, '6', None, '1997/12', None, None, 'en', '170', 'None', '519-523', '10.1192', '2018/1/2', None, None, '1997/12', None, None, 'Royal College of Psychiatrists', None, 20, 20, 1.0, 'Br J Psychiatry', 'None', 'Crossref', 'None', 'Minor psychiatric disorder in NHS trust staff: Occupational and gender differences', 'journal-article', None, '171', 1, 11, '', None, None, None, 'Hardy', 'G.E.', 'G.E. Hardy', None, 'additional', None, 1)]
19-Feb-21 17:34:50 - SELECT affiliation, authenticated_orcid, family, given, name, orcid, sequence, suffix FROM doidata.author where name LIKE '%jane smith%';
19-Feb-21 17:34:50 - [(None, None, 'Smith', 'Jane', 'Jane Smith', None, None, None)]
19-Feb-21 17:34:50 - SELECT * FROM doidata._main_ JOIN doidata.author ON doidata._main_.id = doidata.author.fk WHERE doidata.author.name  LIKE '%jane smith%';
19-Feb-21 17:34:50 - []
19-Feb-21 17:34:50 - SELECT affiliation, authenticated_orcid, family, given, name, orcid, sequence, suffix FROM doidata.author where name LIKE '%wickett%';
19-Feb-21 17:34:50 - [(None, None, 'Wickett', 'Karen M.', 'Karen M. Wickett', None, None, None)]
19-Feb-21 17:34:50 - SELECT * FROM doidata._main_ JOIN doidata.author ON doidata._main_.id = doidata.author.fk WHERE doidata.author.name  LIKE '%wickett%';
19-Feb-21 17:34:50 - []
19-Feb-21 17:34:50 - SELECT affiliation, authenticated_orcid, family, given, name, orcid, sequence, suffix FROM doidata.author where name LIKE '%okamoto%';
19-Feb-21 17:34:50 - [('', None, 'Okamoto', 'K.', 'K. Okamoto', None, 'first', None)]
19-Feb-21 17:34:50 - SELECT * FROM doidata._main_ JOIN doidata.author ON doidata._main_.id = doidata.author.fk WHERE doidata.author.name  LIKE '%okamoto%';
19-Feb-21 17:34:50 - [(3, '10.1080/014311697216621', 'http://dx.doi.org/10.1080/014311697216621', None, '10.1080/014311697216621', None, None, 'International Journal of Remote Sensing', '2002/7/26', datetime.datetime(2002, 7, 26, 15, 40, 29), 1027698029000, '2018/10/5', datetime.datetime(2018, 10, 5, 14, 58, 11), 1538751491000, '2020/3/31', datetime.datetime(2020, 3, 31, 4, 3, 1), 1585627381252, 3, '18', None, '1997/12', None, None, 'en', '301', 'None', '3797-3810', '10.1080', '2010/11/25', None, None, '1997/12', None, None, 'Informa UK Limited', None, 0, 0, 1.0, 'International Journal of Remote Sensing', 'None', 'Crossref', 'None', 'Global prediction of area change of suitable regions for cereal cultivation caused by global warming', 'journal-article', None, '18', 3, 19, '', None, None, None, 'Okamoto', 'K.', 'K. Okamoto', None, 'first', None, 3)]
19-Feb-21 17:34:50 - SELECT affiliation, authenticated_orcid, family, given, name, orcid, sequence, suffix FROM doidata.author where name LIKE '%d.a. golya%';
19-Feb-21 17:34:50 - [('', None, 'Golya', 'D.A.', 'D.A. Golya', None, 'additional', None)]
19-Feb-21 17:34:50 - SELECT * FROM doidata._main_ JOIN doidata.author ON doidata._main_.id = doidata.author.fk WHERE doidata.author.name  LIKE '%d.a. golya%';
19-Feb-21 17:34:50 - [(1, '10.1192/bjp.171.6.519', 'http://dx.doi.org/10.1192/bjp.171.6.519', '<jats:sec><jats:title>Background</jats:title><jats:p>It is widely suggested that many National Health Service (NHS) workers experience high levels of minor psychiatric disorder. However, inadequacies of sampling and measurement in studies to date have not allowed this suggestion to be properly evaluated.</jats:p></jats:sec><jats:sec><jats:title>Method</jats:title><jats:p>The present study was designed to overcome these methodological weaknesses by using a sample of over 11 000 employees from 19 NHS trusts and a well-established measure of minor psychiatric disorder for which there are comparative data.</jats:p></jats:sec><jats:sec><jats:title>Results</jats:title><jats:p>The findings show that 26.8% of the health service workers reported significant levels of minor psychiatric disorder, compared with 17.8% of people in the general population. Psychiatric morbidity was highest among managers, doctors, nurses and professions allied to medicine, with each of these groups recording higher rates than their professional counterparts outside the health service. It was lower among those in support occupations, such as administrative and ancillary staff. A feature of the findings was that female doctors and managers showed a much higher prevalence of minor psychiatric disorder than their male colleagues.</jats:p></jats:sec><jats:sec><jats:title>Conclusion</jats:title><jats:p>Studies are required to establish the organisational, occupational and individual determinants of minor psychiatric disorder among NHS employees.</jats:p></jats:sec>', 'S0007125000148573', None, None, 'British Journal of Psychiatry', '2008/10/15', datetime.datetime(2008, 10, 15, 5, 36, 56), 1224049016000, '2019/5/11', datetime.datetime(2019, 5, 11, 19, 51, 3), 1557604263000, '2020/5/7', datetime.datetime(2020, 5, 7, 22, 4, 37), 1588889077153, 179, '6', None, '1997/12', None, None, 'en', '170', 'None', '519-523', '10.1192', '2018/1/2', None, None, '1997/12', None, None, 'Royal College of Psychiatrists', None, 20, 20, 1.0, 'Br J Psychiatry', 'None', 'Crossref', 'None', 'Minor psychiatric disorder in NHS trust staff: Occupational and gender differences', 'journal-article', None, '171', 1, 10, '', None, None, None, 'Golya', 'D.A.', 'D.A. Golya', None, 'additional', None, 1)]
19-Feb-21 17:34:50 - SELECT affiliation, authenticated_orcid, family, given, name, orcid, sequence, suffix FROM doidata.author where name LIKE '%fake name 1%';
19-Feb-21 17:34:50 - []
19-Feb-21 17:34:50 - AUTHOR NOT FOUND: fake name 1
19-Feb-21 17:34:50 - SELECT affiliation, authenticated_orcid, family, given, name, orcid, sequence, suffix FROM doidata.author where name LIKE '%fake name 2%';
19-Feb-21 17:34:50 - []
19-Feb-21 17:34:50 - AUTHOR NOT FOUND: fake name 2
19-Feb-21 17:35:51 - SELECT affiliation, authenticated_orcid, family, given, name, orcid, sequence, suffix FROM doidata.author where name LIKE '%smith%';
19-Feb-21 17:35:51 - [(None, None, 'Smith', 'Jane', 'Jane Smith', None, None, None), ('The University of Iowa Iowa City', None, 'Smith', 'Elaine', 'Elaine Smith', None, 'additional', None)]
19-Feb-21 17:35:51 - SELECT * FROM doidata._main_ JOIN doidata.author ON doidata._main_.id = doidata.author.fk WHERE doidata.author.name  LIKE '%smith%';
19-Feb-21 17:35:51 - [(13, '10.1044/jslhr.4006.1245', 'http://dx.doi.org/10.1044/jslhr.4006.1245', None, '10.1044/jslhr.4006.1245', None, None, 'Journal of Speech, Language, and Hearing Research', '2014/7/29', datetime.datetime(2014, 7, 29, 20, 59, 28), 1406667568000, '2019/12/23', datetime.datetime(2019, 12, 23, 15, 1, 5), 1577113265000, '2020/6/22', datetime.datetime(2020, 6, 22, 22, 4, 14), 1592863454933, 1004, '6', None, '1997/12', None, None, 'en', '1310', 'None', '1245-1260', '10.1044', None, None, None, '1997/12', None, None, 'American Speech Language Hearing Association', None, 56, 56, 1.0, 'J Speech Lang Hear Res', 'None', 'Crossref', 'None', 'Prevalence of Specific Language Impairment in Kindergarten Children', 'journal-article', None, '40', 13, 58, 'The University of Iowa Iowa City', None, None, None, 'Smith', 'Elaine', 'Elaine Smith', None, 'additional', None, 13)]
19-Feb-21 17:35:51 - SELECT affiliation, authenticated_orcid, family, given, name, orcid, sequence, suffix FROM doidata.author where name LIKE '%zhang%';
19-Feb-21 17:35:51 - [('The University of Iowa Iowa City', None, 'Zhang', 'Xuyang', 'Xuyang Zhang', None, 'additional', None)]
19-Feb-21 17:35:51 - SELECT * FROM doidata._main_ JOIN doidata.author ON doidata._main_.id = doidata.author.fk WHERE doidata.author.name  LIKE '%zhang%';
19-Feb-21 17:35:51 - [(13, '10.1044/jslhr.4006.1245', 'http://dx.doi.org/10.1044/jslhr.4006.1245', None, '10.1044/jslhr.4006.1245', None, None, 'Journal of Speech, Language, and Hearing Research', '2014/7/29', datetime.datetime(2014, 7, 29, 20, 59, 28), 1406667568000, '2019/12/23', datetime.datetime(2019, 12, 23, 15, 1, 5), 1577113265000, '2020/6/22', datetime.datetime(2020, 6, 22, 22, 4, 14), 1592863454933, 1004, '6', None, '1997/12', None, None, 'en', '1310', 'None', '1245-1260', '10.1044', None, None, None, '1997/12', None, None, 'American Speech Language Hearing Association', None, 56, 56, 1.0, 'J Speech Lang Hear Res', 'None', 'Crossref', 'None', 'Prevalence of Specific Language Impairment in Kindergarten Children', 'journal-article', None, '40', 13, 57, 'The University of Iowa Iowa City', None, None, None, 'Zhang', 'Xuyang', 'Xuyang Zhang', None, 'additional', None, 13)]
19-Feb-21 17:35:51 - SELECT affiliation, authenticated_orcid, family, given, name, orcid, sequence, suffix FROM doidata.author where name LIKE '%darpan shah%';
19-Feb-21 17:35:51 - [(None, None, 'Shah', 'Darpan', 'Darpan Shah', None, None, None)]
19-Feb-21 17:35:51 - SELECT * FROM doidata._main_ JOIN doidata.author ON doidata._main_.id = doidata.author.fk WHERE doidata.author.name  LIKE '%darpan shah%';
19-Feb-21 17:35:51 - []
19-Feb-21 17:35:51 - SELECT affiliation, authenticated_orcid, family, given, name, orcid, sequence, suffix FROM doidata.author where name LIKE '%allen h. renear%';
19-Feb-21 17:35:51 - [(None, None, 'Renear', 'Allen H.', 'Allen H. Renear', None, None, None)]
19-Feb-21 17:35:51 - SELECT * FROM doidata._main_ JOIN doidata.author ON doidata._main_.id = doidata.author.fk WHERE doidata.author.name  LIKE '%allen h. renear%';
19-Feb-21 17:35:51 - []
19-Feb-21 17:35:51 - SELECT affiliation, authenticated_orcid, family, given, name, orcid, sequence, suffix FROM doidata.author where name LIKE '%hardy%';
19-Feb-21 17:35:51 - [('', None, 'Hardy', 'G.E.', 'G.E. Hardy', None, 'additional', None)]
19-Feb-21 17:35:51 - SELECT * FROM doidata._main_ JOIN doidata.author ON doidata._main_.id = doidata.author.fk WHERE doidata.author.name  LIKE '%hardy%';
19-Feb-21 17:35:52 - [(1, '10.1192/bjp.171.6.519', 'http://dx.doi.org/10.1192/bjp.171.6.519', '<jats:sec><jats:title>Background</jats:title><jats:p>It is widely suggested that many National Health Service (NHS) workers experience high levels of minor psychiatric disorder. However, inadequacies of sampling and measurement in studies to date have not allowed this suggestion to be properly evaluated.</jats:p></jats:sec><jats:sec><jats:title>Method</jats:title><jats:p>The present study was designed to overcome these methodological weaknesses by using a sample of over 11 000 employees from 19 NHS trusts and a well-established measure of minor psychiatric disorder for which there are comparative data.</jats:p></jats:sec><jats:sec><jats:title>Results</jats:title><jats:p>The findings show that 26.8% of the health service workers reported significant levels of minor psychiatric disorder, compared with 17.8% of people in the general population. Psychiatric morbidity was highest among managers, doctors, nurses and professions allied to medicine, with each of these groups recording higher rates than their professional counterparts outside the health service. It was lower among those in support occupations, such as administrative and ancillary staff. A feature of the findings was that female doctors and managers showed a much higher prevalence of minor psychiatric disorder than their male colleagues.</jats:p></jats:sec><jats:sec><jats:title>Conclusion</jats:title><jats:p>Studies are required to establish the organisational, occupational and individual determinants of minor psychiatric disorder among NHS employees.</jats:p></jats:sec>', 'S0007125000148573', None, None, 'British Journal of Psychiatry', '2008/10/15', datetime.datetime(2008, 10, 15, 5, 36, 56), 1224049016000, '2019/5/11', datetime.datetime(2019, 5, 11, 19, 51, 3), 1557604263000, '2020/5/7', datetime.datetime(2020, 5, 7, 22, 4, 37), 1588889077153, 179, '6', None, '1997/12', None, None, 'en', '170', 'None', '519-523', '10.1192', '2018/1/2', None, None, '1997/12', None, None, 'Royal College of Psychiatrists', None, 20, 20, 1.0, 'Br J Psychiatry', 'None', 'Crossref', 'None', 'Minor psychiatric disorder in NHS trust staff: Occupational and gender differences', 'journal-article', None, '171', 1, 11, '', None, None, None, 'Hardy', 'G.E.', 'G.E. Hardy', None, 'additional', None, 1)]
19-Feb-21 17:35:52 - SELECT affiliation, authenticated_orcid, family, given, name, orcid, sequence, suffix FROM doidata.author where name LIKE '%jane smith%';
19-Feb-21 17:35:52 - [(None, None, 'Smith', 'Jane', 'Jane Smith', None, None, None)]
19-Feb-21 17:35:52 - SELECT * FROM doidata._main_ JOIN doidata.author ON doidata._main_.id = doidata.author.fk WHERE doidata.author.name  LIKE '%jane smith%';
19-Feb-21 17:35:52 - []
19-Feb-21 17:35:52 - SELECT affiliation, authenticated_orcid, family, given, name, orcid, sequence, suffix FROM doidata.author where name LIKE '%wickett%';
19-Feb-21 17:35:52 - [(None, None, 'Wickett', 'Karen M.', 'Karen M. Wickett', None, None, None)]
19-Feb-21 17:35:52 - SELECT * FROM doidata._main_ JOIN doidata.author ON doidata._main_.id = doidata.author.fk WHERE doidata.author.name  LIKE '%wickett%';
19-Feb-21 17:35:52 - []
19-Feb-21 17:35:52 - SELECT affiliation, authenticated_orcid, family, given, name, orcid, sequence, suffix FROM doidata.author where name LIKE '%okamoto%';
19-Feb-21 17:35:52 - [('', None, 'Okamoto', 'K.', 'K. Okamoto', None, 'first', None)]
19-Feb-21 17:35:52 - SELECT * FROM doidata._main_ JOIN doidata.author ON doidata._main_.id = doidata.author.fk WHERE doidata.author.name  LIKE '%okamoto%';
19-Feb-21 17:35:52 - [(3, '10.1080/014311697216621', 'http://dx.doi.org/10.1080/014311697216621', None, '10.1080/014311697216621', None, None, 'International Journal of Remote Sensing', '2002/7/26', datetime.datetime(2002, 7, 26, 15, 40, 29), 1027698029000, '2018/10/5', datetime.datetime(2018, 10, 5, 14, 58, 11), 1538751491000, '2020/3/31', datetime.datetime(2020, 3, 31, 4, 3, 1), 1585627381252, 3, '18', None, '1997/12', None, None, 'en', '301', 'None', '3797-3810', '10.1080', '2010/11/25', None, None, '1997/12', None, None, 'Informa UK Limited', None, 0, 0, 1.0, 'International Journal of Remote Sensing', 'None', 'Crossref', 'None', 'Global prediction of area change of suitable regions for cereal cultivation caused by global warming', 'journal-article', None, '18', 3, 19, '', None, None, None, 'Okamoto', 'K.', 'K. Okamoto', None, 'first', None, 3)]
19-Feb-21 17:35:52 - SELECT affiliation, authenticated_orcid, family, given, name, orcid, sequence, suffix FROM doidata.author where name LIKE '%d.a. golya%';
19-Feb-21 17:35:52 - [('', None, 'Golya', 'D.A.', 'D.A. Golya', None, 'additional', None)]
19-Feb-21 17:35:53 - SELECT * FROM doidata._main_ JOIN doidata.author ON doidata._main_.id = doidata.author.fk WHERE doidata.author.name  LIKE '%d.a. golya%';
19-Feb-21 17:35:53 - [(1, '10.1192/bjp.171.6.519', 'http://dx.doi.org/10.1192/bjp.171.6.519', '<jats:sec><jats:title>Background</jats:title><jats:p>It is widely suggested that many National Health Service (NHS) workers experience high levels of minor psychiatric disorder. However, inadequacies of sampling and measurement in studies to date have not allowed this suggestion to be properly evaluated.</jats:p></jats:sec><jats:sec><jats:title>Method</jats:title><jats:p>The present study was designed to overcome these methodological weaknesses by using a sample of over 11 000 employees from 19 NHS trusts and a well-established measure of minor psychiatric disorder for which there are comparative data.</jats:p></jats:sec><jats:sec><jats:title>Results</jats:title><jats:p>The findings show that 26.8% of the health service workers reported significant levels of minor psychiatric disorder, compared with 17.8% of people in the general population. Psychiatric morbidity was highest among managers, doctors, nurses and professions allied to medicine, with each of these groups recording higher rates than their professional counterparts outside the health service. It was lower among those in support occupations, such as administrative and ancillary staff. A feature of the findings was that female doctors and managers showed a much higher prevalence of minor psychiatric disorder than their male colleagues.</jats:p></jats:sec><jats:sec><jats:title>Conclusion</jats:title><jats:p>Studies are required to establish the organisational, occupational and individual determinants of minor psychiatric disorder among NHS employees.</jats:p></jats:sec>', 'S0007125000148573', None, None, 'British Journal of Psychiatry', '2008/10/15', datetime.datetime(2008, 10, 15, 5, 36, 56), 1224049016000, '2019/5/11', datetime.datetime(2019, 5, 11, 19, 51, 3), 1557604263000, '2020/5/7', datetime.datetime(2020, 5, 7, 22, 4, 37), 1588889077153, 179, '6', None, '1997/12', None, None, 'en', '170', 'None', '519-523', '10.1192', '2018/1/2', None, None, '1997/12', None, None, 'Royal College of Psychiatrists', None, 20, 20, 1.0, 'Br J Psychiatry', 'None', 'Crossref', 'None', 'Minor psychiatric disorder in NHS trust staff: Occupational and gender differences', 'journal-article', None, '171', 1, 10, '', None, None, None, 'Golya', 'D.A.', 'D.A. Golya', None, 'additional', None, 1)]
19-Feb-21 17:35:53 - SELECT affiliation, authenticated_orcid, family, given, name, orcid, sequence, suffix FROM doidata.author where name LIKE '%fake name 1%';
19-Feb-21 17:35:53 - []
19-Feb-21 17:35:53 - AUTHOR NOT FOUND: fake name 1
19-Feb-21 17:35:53 - SELECT affiliation, authenticated_orcid, family, given, name, orcid, sequence, suffix FROM doidata.author where name LIKE '%fake name 2%';
19-Feb-21 17:35:53 - []
19-Feb-21 17:35:53 - AUTHOR NOT FOUND: fake name 2
19-Feb-21 17:35:53 - SELECT affiliation, authenticated_orcid, family, given, name, orcid, sequence, suffix FROM doidata.author where name LIKE '%abbott%';
19-Feb-21 17:35:53 - [('', None, 'Abbott', 'Robert D.', 'Robert D. Abbott', None, 'additional', None), ('', None, 'Abbott', 'Sylvia P.', 'Sylvia P. Abbott', None, 'additional', None)]
19-Feb-21 17:35:53 - SELECT * FROM doidata._main_ JOIN doidata.author ON doidata._main_.id = doidata.author.fk WHERE doidata.author.name  LIKE '%abbott%';
19-Feb-21 17:35:53 - [(12, '10.1037/0022-0663.89.4.652', 'http://dx.doi.org/10.1037/0022-0663.89.4.652', None, '1997-43826-006', None, None, 'Journal of Educational Psychology', '2005/9/22', datetime.datetime(2005, 9, 22, 15, 2, 6), 1127401326000, '2019/9/17', datetime.datetime(2019, 9, 17, 16, 56, 50), 1568739410000, '2020/6/2', datetime.datetime(2020, 6, 2, 10, 24, 9), 1591093449366, 190, '4', None, '1997/12', None, None, 'en', '15', 'None', '652-666', '10.1037', '1997/12', None, None, None, None, None, 'American Psychological Association (APA)', None, 0, 0, 1.0, 'Journal of Educational Psychology', 'None', 'Crossref', 'None', 'Treatment of handwriting problems in beginning writers: Transfer from handwriting to composition.', 'journal-article', None, '89', 12, 48, '', None, None, None, 'Abbott', 'Robert D.', 'Robert D. Abbott', None, 'additional', None, 12), (12, '10.1037/0022-0663.89.4.652', 'http://dx.doi.org/10.1037/0022-0663.89.4.652', None, '1997-43826-006', None, None, 'Journal of Educational Psychology', '2005/9/22', datetime.datetime(2005, 9, 22, 15, 2, 6), 1127401326000, '2019/9/17', datetime.datetime(2019, 9, 17, 16, 56, 50), 1568739410000, '2020/6/2', datetime.datetime(2020, 6, 2, 10, 24, 9), 1591093449366, 190, '4', None, '1997/12', None, None, 'en', '15', 'None', '652-666', '10.1037', '1997/12', None, None, None, None, None, 'American Psychological Association (APA)', None, 0, 0, 1.0, 'Journal of Educational Psychology', 'None', 'Crossref', 'None', 'Treatment of handwriting problems in beginning writers: Transfer from handwriting to composition.', 'journal-article', None, '89', 12, 49, '', None, None, None, 'Abbott', 'Sylvia P.', 'Sylvia P. Abbott', None, 'additional', None, 12)]
