24-Feb-21 16:45:00 - Author metadata inserted for DOI: 10.1192/bjp.171.6.519 Name: T.D. Wall fk: 1
24-Feb-21 16:45:07 - Author metadata inserted for DOI: 10.1192/bjp.171.6.519 Name: R.I. Bolden fk: 1
24-Feb-21 16:45:14 - Author metadata inserted for DOI: 10.1192/bjp.171.6.519 Name: C.S. Borrill fk: 1
24-Feb-21 16:45:22 - Author metadata inserted for DOI: 10.1192/bjp.171.6.519 Name: A.J. Carter fk: 1
24-Feb-21 16:45:29 - Author metadata inserted for DOI: 10.1192/bjp.171.6.519 Name: D.A. Golya fk: 1
24-Feb-21 16:45:37 - Author metadata inserted for DOI: 10.1192/bjp.171.6.519 Name: G.E. Hardy fk: 1
24-Feb-21 16:45:44 - Author metadata inserted for DOI: 10.1192/bjp.171.6.519 Name: C.E. Haynes fk: 1
24-Feb-21 16:45:51 - Author metadata inserted for DOI: 10.1192/bjp.171.6.519 Name: J.E. Rick fk: 1
24-Feb-21 16:45:59 - Author metadata inserted for DOI: 10.1192/bjp.171.6.519 Name: D.A. Shapiro fk: 1
24-Feb-21 16:46:06 - Author metadata inserted for DOI: 10.1192/bjp.171.6.519 Name: M.A. West fk: 1
24-Feb-21 16:46:06 - Author metadata inserted for DOI: 10.1192/bjp.171.6.519 fk: 1
24-Feb-21 16:46:21 - Author metadata inserted for DOI: 10.1177/070674379704200909 Name: Michael S Klinkman fk: 2
24-Feb-21 16:46:37 - Author metadata inserted for DOI: 10.1177/070674379704200909 Name: Thomas L Schwenk fk: 2
24-Feb-21 16:46:44 - Author metadata inserted for DOI: 10.1177/070674379704200909 Name: James C Coyne fk: 2
24-Feb-21 16:46:44 - Author metadata inserted for DOI: 10.1177/070674379704200909 fk: 2
24-Feb-21 16:46:51 - Author metadata inserted for DOI: 10.1080/014311697216621 Name: K. Okamoto fk: 3
24-Feb-21 16:46:58 - Author metadata inserted for DOI: 10.1080/014311697216621 Name: H. Kawashima fk: 3
24-Feb-21 16:47:05 - Author metadata inserted for DOI: 10.1080/014311697216621 Name: M. Fukuhara fk: 3
24-Feb-21 16:48:58 - Author metadata inserted for DOI: 10.1192/bjp.171.6.519 Name: T.D. Wall fk: 1
24-Feb-21 16:48:58 - Author metadata inserted for DOI: 10.1192/bjp.171.6.519 Name: R.I. Bolden fk: 1
24-Feb-21 16:48:58 - Author metadata inserted for DOI: 10.1192/bjp.171.6.519 Name: C.S. Borrill fk: 1
24-Feb-21 16:48:58 - Author metadata inserted for DOI: 10.1192/bjp.171.6.519 Name: A.J. Carter fk: 1
24-Feb-21 16:48:58 - Author metadata inserted for DOI: 10.1192/bjp.171.6.519 Name: D.A. Golya fk: 1
24-Feb-21 16:48:58 - Author metadata inserted for DOI: 10.1192/bjp.171.6.519 Name: G.E. Hardy fk: 1
24-Feb-21 16:48:58 - Author metadata inserted for DOI: 10.1192/bjp.171.6.519 Name: C.E. Haynes fk: 1
24-Feb-21 16:48:58 - Author metadata inserted for DOI: 10.1192/bjp.171.6.519 Name: J.E. Rick fk: 1
24-Feb-21 16:48:58 - Author metadata inserted for DOI: 10.1192/bjp.171.6.519 Name: D.A. Shapiro fk: 1
24-Feb-21 16:48:58 - Author metadata inserted for DOI: 10.1192/bjp.171.6.519 Name: M.A. West fk: 1
24-Feb-21 16:48:59 - Author metadata inserted for DOI: 10.1177/070674379704200909 Name: Michael S Klinkman fk: 2
24-Feb-21 16:48:59 - Author metadata inserted for DOI: 10.1177/070674379704200909 Name: Thomas L Schwenk fk: 2
24-Feb-21 16:48:59 - Author metadata inserted for DOI: 10.1177/070674379704200909 Name: James C Coyne fk: 2
24-Feb-21 16:48:59 - Author metadata inserted for DOI: 10.1080/014311697216621 Name: K. Okamoto fk: 3
24-Feb-21 16:48:59 - Author metadata inserted for DOI: 10.1080/014311697216621 Name: H. Kawashima fk: 3
24-Feb-21 16:48:59 - Author metadata inserted for DOI: 10.1080/014311697216621 Name: M. Fukuhara fk: 3
24-Feb-21 16:48:59 - Author metadata inserted for DOI: 10.1080/014311697216621 fk: 3
24-Feb-21 16:49:00 - Author metadata inserted for DOI: 10.1111/j.1469-7793.1997.259bc.x Name: Simon C. Gandevia fk: 4
24-Feb-21 16:49:00 - Author metadata inserted for DOI: 10.1111/j.1469-7793.1997.259bc.x Name: Linda R. Wilson fk: 4
24-Feb-21 16:49:00 - Author metadata inserted for DOI: 10.1111/j.1469-7793.1997.259bc.x Name: J. Timothy Inglis fk: 4
24-Feb-21 16:49:00 - Author metadata inserted for DOI: 10.1111/j.1469-7793.1997.259bc.x Name: David Burke fk: 4
24-Feb-21 16:49:00 - Author metadata inserted for DOI: 10.1111/j.1469-7793.1997.259bc.x fk: 4
24-Feb-21 16:49:00 - Author metadata inserted for DOI: 10.1136/bjsm.31.4.269 Name: S Sharma fk: 6
24-Feb-21 16:49:00 - Author metadata inserted for DOI: 10.1136/bjsm.31.4.269 Name: G Whyte fk: 6
24-Feb-21 16:49:00 - Author metadata inserted for DOI: 10.1136/bjsm.31.4.269 Name: W J McKenna fk: 6
24-Feb-21 16:49:00 - Author metadata inserted for DOI: 10.1136/bjsm.31.4.269 fk: 6
24-Feb-21 16:49:01 - Author metadata inserted for DOI: 10.1007/s004210050268 Name: M. Handel fk: 7
24-Feb-21 16:49:01 - Author metadata inserted for DOI: 10.1007/s004210050268 Name: T. Horstmann fk: 7
24-Feb-21 16:49:01 - Author metadata inserted for DOI: 10.1007/s004210050268 Name: H.-H. Dickhuth fk: 7
24-Feb-21 16:49:01 - Author metadata inserted for DOI: 10.1007/s004210050268 fk: 7
24-Feb-21 16:49:02 - Author metadata inserted for DOI: 10.1210/jc.82.12.4020 Name: A. B. Schneider fk: 8
24-Feb-21 16:49:02 - Author metadata inserted for DOI: 10.1210/jc.82.12.4020 fk: 8
24-Feb-21 16:49:02 - Author metadata inserted for DOI: 10.1007/bf00703440 Name: H. Kaplan fk: 9
24-Feb-21 16:49:02 - Author metadata inserted for DOI: 10.1007/bf00703440 Name: A. Kiral fk: 9
24-Feb-21 16:49:02 - Author metadata inserted for DOI: 10.1007/bf00703440 Name: M. Kuskucu fk: 9
24-Feb-21 16:49:02 - Author metadata inserted for DOI: 10.1007/bf00703440 Name: A. Sarioglu fk: 9
24-Feb-21 16:49:02 - Author metadata inserted for DOI: 10.1007/bf00703440 Name: O. Rodop fk: 9
24-Feb-21 16:49:02 - Author metadata inserted for DOI: 10.1007/bf00703440 fk: 9
24-Feb-21 16:49:02 - Author metadata inserted for DOI: 10.1006/mpev.1997.0423 Name: Pamela Groves fk: 10
24-Feb-21 16:49:02 - Author metadata inserted for DOI: 10.1006/mpev.1997.0423 Name: Gerald F Shields fk: 10
24-Feb-21 16:49:02 - Author metadata inserted for DOI: 10.1006/mpev.1997.0423 fk: 10
24-Feb-21 16:49:03 - Author metadata inserted for DOI: 10.1037/0022-0663.89.4.631 Name: Marie Cassar fk: 11
24-Feb-21 16:49:03 - Author metadata inserted for DOI: 10.1037/0022-0663.89.4.631 Name: Rebecca Treiman fk: 11
24-Feb-21 16:49:03 - Author metadata inserted for DOI: 10.1037/0022-0663.89.4.631 fk: 11
24-Feb-21 16:49:03 - Author metadata inserted for DOI: 10.1037/0022-0663.89.4.652 Name: Virginia W. Berninger fk: 12
24-Feb-21 16:49:03 - Author metadata inserted for DOI: 10.1037/0022-0663.89.4.652 Name: Katherine B. Vaughan fk: 12
24-Feb-21 16:49:03 - Author metadata inserted for DOI: 10.1037/0022-0663.89.4.652 Name: Robert D. Abbott fk: 12
24-Feb-21 16:49:03 - Author metadata inserted for DOI: 10.1037/0022-0663.89.4.652 Name: Sylvia P. Abbott fk: 12
24-Feb-21 16:49:03 - Author metadata inserted for DOI: 10.1037/0022-0663.89.4.652 Name: Laura Woodruff Rogan fk: 12
24-Feb-21 16:49:03 - Author metadata inserted for DOI: 10.1037/0022-0663.89.4.652 Name: Allison Brooks fk: 12
24-Feb-21 16:49:03 - Author metadata inserted for DOI: 10.1037/0022-0663.89.4.652 Name: Elizabeth Reed fk: 12
24-Feb-21 16:49:03 - Author metadata inserted for DOI: 10.1037/0022-0663.89.4.652 Name: Steve Graham fk: 12
24-Feb-21 16:49:03 - Author metadata inserted for DOI: 10.1037/0022-0663.89.4.652 fk: 12
24-Feb-21 16:49:03 - Author metadata inserted for DOI: 10.1044/jslhr.4006.1245 Name: J. Bruce Tomblin fk: 13
24-Feb-21 16:49:03 - Author metadata inserted for DOI: 10.1044/jslhr.4006.1245 Name: Nancy L. Records fk: 13
24-Feb-21 16:49:03 - Author metadata inserted for DOI: 10.1044/jslhr.4006.1245 Name: Paula Buckwalter fk: 13
24-Feb-21 16:49:03 - Author metadata inserted for DOI: 10.1044/jslhr.4006.1245 Name: Xuyang Zhang fk: 13
24-Feb-21 16:49:03 - Author metadata inserted for DOI: 10.1044/jslhr.4006.1245 Name: Elaine Smith fk: 13
24-Feb-21 16:49:03 - Author metadata inserted for DOI: 10.1044/jslhr.4006.1245 Name: Marlea O’Brien fk: 13
24-Feb-21 16:49:04 - Author metadata inserted for DOI: 10.1044/jslhr.4006.1245 fk: 13
24-Feb-21 16:49:04 - Author metadata inserted for DOI: 10.1016/s0167-5273(97)00202-7 Name: Morris Mosseri fk: 14
24-Feb-21 16:49:04 - Author metadata inserted for DOI: 10.1016/s0167-5273(97)00202-7 Name: Einat Zolti fk: 14
24-Feb-21 16:49:04 - Author metadata inserted for DOI: 10.1016/s0167-5273(97)00202-7 Name: Yoseph Rozenman fk: 14
24-Feb-21 16:49:04 - Author metadata inserted for DOI: 10.1016/s0167-5273(97)00202-7 Name: Chaim Lotan fk: 14
24-Feb-21 16:49:04 - Author metadata inserted for DOI: 10.1016/s0167-5273(97)00202-7 Name: Tamara Ershov fk: 14
24-Feb-21 16:49:04 - Author metadata inserted for DOI: 10.1016/s0167-5273(97)00202-7 Name: Tami Izak fk: 14
24-Feb-21 16:49:04 - Author metadata inserted for DOI: 10.1016/s0167-5273(97)00202-7 Name: Dan Admon fk: 14
24-Feb-21 16:49:04 - Author metadata inserted for DOI: 10.1016/s0167-5273(97)00202-7 Name: Mervyn S Gotsman fk: 14
24-Feb-21 16:49:04 - Author metadata inserted for DOI: 10.1016/s0167-5273(97)00202-7 fk: 14
24-Feb-21 16:49:04 - Author metadata inserted for DOI: 10.1016/s0006-3223(97)00141-8 Name: Lennart Gustafsson fk: 15
24-Feb-21 16:49:04 - Author metadata inserted for DOI: 10.1016/s0006-3223(97)00141-8 fk: 15
24-Feb-21 16:49:04 - Author metadata inserted for DOI: 10.1093/beheco/8.6.583 Name: Lee Alan Dugatkin fk: 16
24-Feb-21 16:49:04 - Author metadata inserted for DOI: 10.1093/beheco/8.6.583 fk: 16
24-Feb-21 16:49:05 - Author metadata inserted for DOI: 10.1111/j.1469-7610.1997.tb01612.x Name: Nicola Botting fk: 17
24-Feb-21 16:49:05 - Author metadata inserted for DOI: 10.1111/j.1469-7610.1997.tb01612.x Name: Andrew Powls fk: 17
24-Feb-21 16:49:05 - Author metadata inserted for DOI: 10.1111/j.1469-7610.1997.tb01612.x Name: Richard W. I. Cooke fk: 17
24-Feb-21 16:49:05 - Author metadata inserted for DOI: 10.1111/j.1469-7610.1997.tb01612.x Name: Neil Marlow fk: 17
24-Feb-21 16:49:05 - Author metadata inserted for DOI: 10.1111/j.1469-7610.1997.tb01612.x fk: 17
24-Feb-21 16:49:05 - Author metadata inserted for DOI: 10.1016/s0002-9343(97)00252-0 Name: Jürgen Hoffmann fk: 18
24-Feb-21 16:49:05 - Author metadata inserted for DOI: 10.1016/s0002-9343(97)00252-0 Name: Manfred Spengler fk: 18
24-Feb-21 16:49:05 - Author metadata inserted for DOI: 10.1016/s0002-9343(97)00252-0 fk: 18
24-Feb-21 16:49:06 - Author metadata inserted for DOI: 10.1016/s0002-9343(97)00244-1 Name: Alvan R Feinstein fk: 19
24-Feb-21 16:49:06 - Author metadata inserted for DOI: 10.1016/s0002-9343(97)00244-1 Name: Ralph I Horwitz fk: 19
24-Feb-21 16:49:06 - Author metadata inserted for DOI: 10.1016/s0002-9343(97)00244-1 fk: 19
24-Feb-21 16:51:55 - Author metadata inserted for DOI: 10.1111/j.1469-7793.1997.539bb.x Name: P. W. Hodges fk: 20
24-Feb-21 16:51:55 - Author metadata inserted for DOI: 10.1111/j.1469-7793.1997.539bb.x Name: J. E. Butler fk: 20
24-Feb-21 16:51:55 - Author metadata inserted for DOI: 10.1111/j.1469-7793.1997.539bb.x Name: D. K. McKenzie fk: 20
24-Feb-21 16:51:55 - Author metadata inserted for DOI: 10.1111/j.1469-7793.1997.539bb.x Name: S. C. Gandevia fk: 20
24-Feb-21 16:51:55 - Author metadata inserted for DOI: 10.1111/j.1469-7793.1997.539bb.x fk: 20
24-Feb-21 16:51:55 - Author metadata inserted for DOI: 10.1016/s0895-4356(97)00203-5 Name: Gunver S Kienle fk: 21
24-Feb-21 16:51:55 - Author metadata inserted for DOI: 10.1016/s0895-4356(97)00203-5 Name: Helmut Kiene fk: 21
24-Feb-21 16:51:55 - Author metadata inserted for DOI: 10.1016/s0895-4356(97)00203-5 fk: 21
24-Feb-21 16:51:55 - Author metadata inserted for DOI: 10.1016/s1090-5138(97)00089-5 Name: Devendra Singh fk: 22
24-Feb-21 16:51:55 - Author metadata inserted for DOI: 10.1016/s1090-5138(97)00089-5 Name: P Matthew Bronstad fk: 22
24-Feb-21 16:51:56 - Author metadata inserted for DOI: 10.1016/s1090-5138(97)00089-5 fk: 22
24-Feb-21 16:51:56 - Author metadata inserted for DOI: 10.1016/s0016-7037(97)00299-8 Name: Gary R. Huss fk: 23
24-Feb-21 16:51:56 - Author metadata inserted for DOI: 10.1016/s0016-7037(97)00299-8 Name: Ian D. Hutcheon fk: 23
24-Feb-21 16:51:56 - Author metadata inserted for DOI: 10.1016/s0016-7037(97)00299-8 Name: G.J. Wasserburg fk: 23
24-Feb-21 16:51:56 - Author metadata inserted for DOI: 10.1016/s0016-7037(97)00299-8 fk: 23
24-Feb-21 16:51:56 - Author metadata inserted for DOI: 10.1148/radiology.206.1.9423651 Name: T W Stadnik fk: 24
24-Feb-21 16:51:56 - Author metadata inserted for DOI: 10.1148/radiology.206.1.9423651 Name: R R Lee fk: 24
24-Feb-21 16:51:56 - Author metadata inserted for DOI: 10.1148/radiology.206.1.9423651 Name: H L Coen fk: 24
24-Feb-21 16:51:56 - Author metadata inserted for DOI: 10.1148/radiology.206.1.9423651 Name: E C Neirynck fk: 24
24-Feb-21 16:51:56 - Author metadata inserted for DOI: 10.1148/radiology.206.1.9423651 Name: T S Buisseret fk: 24
24-Feb-21 16:51:56 - Author metadata inserted for DOI: 10.1148/radiology.206.1.9423651 Name: M J Osteaux fk: 24
24-Feb-21 16:51:56 - Author metadata inserted for DOI: 10.1148/radiology.206.1.9423651 fk: 24
24-Feb-21 16:51:57 - Author metadata inserted for DOI: 10.1136/jech.51.6.623 Name: J T Hart fk: 25
24-Feb-21 16:51:57 - Author metadata inserted for DOI: 10.1136/jech.51.6.623 fk: 25
24-Feb-21 16:51:58 - Author metadata inserted for DOI: 10.1016/s0140-6736(97)09385-9 Name: Itzhak Fried fk: 26
24-Feb-21 16:51:58 - Author metadata inserted for DOI: 10.1016/s0140-6736(97)09385-9 fk: 26
24-Feb-21 16:51:58 - Author metadata inserted for DOI: 10.1021/ed075p100 Name: Alexandra Hilosky fk: 27
24-Feb-21 16:51:58 - Author metadata inserted for DOI: 10.1021/ed075p100 Name: Frank Sutman fk: 27
24-Feb-21 16:51:58 - Author metadata inserted for DOI: 10.1021/ed075p100 Name: Joseph Schmuckler fk: 27
24-Feb-21 16:51:58 - Author metadata inserted for DOI: 10.1021/ed075p100 fk: 27
24-Feb-21 16:51:58 - Author metadata inserted for DOI: 10.1021/ed075p116 Name: Todd P. Silverstein fk: 28
24-Feb-21 16:51:58 - Author metadata inserted for DOI: 10.1021/ed075p116 fk: 28
24-Feb-21 16:51:59 - Author metadata inserted for DOI: 10.1080/02724634.1997.10010975 Name: Elizabeth M. Gomani fk: 29
24-Feb-21 16:51:59 - Author metadata inserted for DOI: 10.1080/02724634.1997.10010975 fk: 29
24-Feb-21 16:52:00 - Author metadata inserted for DOI: 10.1080/02724634.1997.10010979 Name: Mary Higby Schweitzer fk: 30
24-Feb-21 16:52:00 - Author metadata inserted for DOI: 10.1080/02724634.1997.10010979 Name: Craig Johnson fk: 30
24-Feb-21 16:52:00 - Author metadata inserted for DOI: 10.1080/02724634.1997.10010979 Name: Thomas G. Zocco fk: 30
24-Feb-21 16:52:00 - Author metadata inserted for DOI: 10.1080/02724634.1997.10010979 Name: John R. Horner fk: 30
24-Feb-21 16:52:00 - Author metadata inserted for DOI: 10.1080/02724634.1997.10010979 Name: Jean R. Starkey fk: 30
24-Feb-21 16:52:00 - Author metadata inserted for DOI: 10.1080/02724634.1997.10010979 fk: 30
24-Feb-21 16:52:01 - Author metadata inserted for DOI: 10.1016/s0140-9883(97)01025-6 Name: Eiman O. Zein-Elabdin fk: 31
24-Feb-21 16:52:01 - Author metadata inserted for DOI: 10.1016/s0140-9883(97)01025-6 fk: 31
24-Feb-21 16:52:03 - Author metadata inserted for DOI: 10.1353/mfs.1997.0068 Name: Ellen Bayuk Rosenman fk: 32
24-Feb-21 16:52:03 - Author metadata inserted for DOI: 10.1353/mfs.1997.0068 fk: 32
24-Feb-21 16:52:04 - Author metadata inserted for DOI: 10.1353/mfs.1997.0091 Name: Marita Nadal fk: 33
24-Feb-21 16:52:05 - Author metadata inserted for DOI: 10.1353/mfs.1997.0091 fk: 33
24-Feb-21 16:57:37 - Author metadata inserted for DOI: 10.1192/bjp.171.6.519 Name: T.D. Wall fk: 1
24-Feb-21 16:57:37 - Author metadata inserted for DOI: 10.1192/bjp.171.6.519 Name: R.I. Bolden fk: 1
24-Feb-21 16:57:37 - Author metadata inserted for DOI: 10.1192/bjp.171.6.519 Name: C.S. Borrill fk: 1
24-Feb-21 16:57:37 - Author metadata inserted for DOI: 10.1192/bjp.171.6.519 Name: A.J. Carter fk: 1
24-Feb-21 16:57:37 - Author metadata inserted for DOI: 10.1192/bjp.171.6.519 Name: D.A. Golya fk: 1
24-Feb-21 16:57:37 - Author metadata inserted for DOI: 10.1192/bjp.171.6.519 Name: G.E. Hardy fk: 1
24-Feb-21 16:57:37 - Author metadata inserted for DOI: 10.1192/bjp.171.6.519 Name: C.E. Haynes fk: 1
24-Feb-21 16:57:37 - Author metadata inserted for DOI: 10.1192/bjp.171.6.519 Name: J.E. Rick fk: 1
24-Feb-21 16:57:37 - Author metadata inserted for DOI: 10.1192/bjp.171.6.519 Name: D.A. Shapiro fk: 1
24-Feb-21 16:57:37 - Author metadata inserted for DOI: 10.1192/bjp.171.6.519 Name: M.A. West fk: 1
24-Feb-21 16:57:38 - Author metadata inserted for DOI: 10.1177/070674379704200909 Name: Michael S Klinkman fk: 2
24-Feb-21 16:57:38 - Author metadata inserted for DOI: 10.1177/070674379704200909 Name: Thomas L Schwenk fk: 2
24-Feb-21 16:57:38 - Author metadata inserted for DOI: 10.1177/070674379704200909 Name: James C Coyne fk: 2
24-Feb-21 16:57:38 - Author metadata inserted for DOI: 10.1080/014311697216621 Name: K. Okamoto fk: 3
24-Feb-21 16:57:38 - Author metadata inserted for DOI: 10.1080/014311697216621 Name: H. Kawashima fk: 3
24-Feb-21 16:57:38 - Author metadata inserted for DOI: 10.1080/014311697216621 Name: M. Fukuhara fk: 3
24-Feb-21 16:57:38 - Author metadata inserted for DOI: 10.1111/j.1469-7793.1997.259bc.x Name: Simon C. Gandevia fk: 4
24-Feb-21 16:57:38 - Author metadata inserted for DOI: 10.1111/j.1469-7793.1997.259bc.x Name: Linda R. Wilson fk: 4
24-Feb-21 16:57:38 - Author metadata inserted for DOI: 10.1111/j.1469-7793.1997.259bc.x Name: J. Timothy Inglis fk: 4
24-Feb-21 16:57:38 - Author metadata inserted for DOI: 10.1111/j.1469-7793.1997.259bc.x Name: David Burke fk: 4
24-Feb-21 16:57:39 - Author metadata inserted for DOI: 10.1136/bjsm.31.4.269 Name: S Sharma fk: 6
24-Feb-21 16:57:39 - Author metadata inserted for DOI: 10.1136/bjsm.31.4.269 Name: G Whyte fk: 6
24-Feb-21 16:57:39 - Author metadata inserted for DOI: 10.1136/bjsm.31.4.269 Name: W J McKenna fk: 6
24-Feb-21 16:57:39 - Author metadata inserted for DOI: 10.1007/s004210050268 Name: M. Handel fk: 7
24-Feb-21 16:57:39 - Author metadata inserted for DOI: 10.1007/s004210050268 Name: T. Horstmann fk: 7
24-Feb-21 16:57:39 - Author metadata inserted for DOI: 10.1007/s004210050268 Name: H.-H. Dickhuth fk: 7
24-Feb-21 16:57:41 - Author metadata inserted for DOI: 10.1210/jc.82.12.4020 Name: A. B. Schneider fk: 8
24-Feb-21 16:57:41 - Author metadata inserted for DOI: 10.1007/bf00703440 Name: H. Kaplan fk: 9
24-Feb-21 16:57:41 - Author metadata inserted for DOI: 10.1007/bf00703440 Name: A. Kiral fk: 9
24-Feb-21 16:57:41 - Author metadata inserted for DOI: 10.1007/bf00703440 Name: M. Kuskucu fk: 9
24-Feb-21 16:57:41 - Author metadata inserted for DOI: 10.1007/bf00703440 Name: A. Sarioglu fk: 9
24-Feb-21 16:57:41 - Author metadata inserted for DOI: 10.1007/bf00703440 Name: O. Rodop fk: 9
24-Feb-21 16:57:41 - Author metadata inserted for DOI: 10.1006/mpev.1997.0423 Name: Pamela Groves fk: 10
24-Feb-21 16:57:41 - Author metadata inserted for DOI: 10.1006/mpev.1997.0423 Name: Gerald F Shields fk: 10
24-Feb-21 16:57:42 - Author metadata inserted for DOI: 10.1037/0022-0663.89.4.631 Name: Marie Cassar fk: 11
24-Feb-21 16:57:42 - Author metadata inserted for DOI: 10.1037/0022-0663.89.4.631 Name: Rebecca Treiman fk: 11
24-Feb-21 16:57:42 - Author metadata inserted for DOI: 10.1037/0022-0663.89.4.652 Name: Virginia W. Berninger fk: 12
24-Feb-21 16:57:42 - Author metadata inserted for DOI: 10.1037/0022-0663.89.4.652 Name: Katherine B. Vaughan fk: 12
24-Feb-21 16:57:42 - Author metadata inserted for DOI: 10.1037/0022-0663.89.4.652 Name: Robert D. Abbott fk: 12
24-Feb-21 16:57:42 - Author metadata inserted for DOI: 10.1037/0022-0663.89.4.652 Name: Sylvia P. Abbott fk: 12
24-Feb-21 16:57:42 - Author metadata inserted for DOI: 10.1037/0022-0663.89.4.652 Name: Laura Woodruff Rogan fk: 12
24-Feb-21 16:57:42 - Author metadata inserted for DOI: 10.1037/0022-0663.89.4.652 Name: Allison Brooks fk: 12
24-Feb-21 16:57:42 - Author metadata inserted for DOI: 10.1037/0022-0663.89.4.652 Name: Elizabeth Reed fk: 12
24-Feb-21 16:57:42 - Author metadata inserted for DOI: 10.1037/0022-0663.89.4.652 Name: Steve Graham fk: 12
24-Feb-21 16:57:42 - Author metadata inserted for DOI: 10.1044/jslhr.4006.1245 Name: J. Bruce Tomblin fk: 13
24-Feb-21 16:57:42 - Author metadata inserted for DOI: 10.1044/jslhr.4006.1245 Name: Nancy L. Records fk: 13
24-Feb-21 16:57:42 - Author metadata inserted for DOI: 10.1044/jslhr.4006.1245 Name: Paula Buckwalter fk: 13
24-Feb-21 16:57:42 - Author metadata inserted for DOI: 10.1044/jslhr.4006.1245 Name: Xuyang Zhang fk: 13
24-Feb-21 16:57:42 - Author metadata inserted for DOI: 10.1044/jslhr.4006.1245 Name: Elaine Smith fk: 13
24-Feb-21 16:57:42 - Author metadata inserted for DOI: 10.1044/jslhr.4006.1245 Name: Marlea O’Brien fk: 13
24-Feb-21 16:57:43 - Author metadata inserted for DOI: 10.1016/s0167-5273(97)00202-7 Name: Morris Mosseri fk: 14
24-Feb-21 16:57:43 - Author metadata inserted for DOI: 10.1016/s0167-5273(97)00202-7 Name: Einat Zolti fk: 14
24-Feb-21 16:57:43 - Author metadata inserted for DOI: 10.1016/s0167-5273(97)00202-7 Name: Yoseph Rozenman fk: 14
24-Feb-21 16:57:43 - Author metadata inserted for DOI: 10.1016/s0167-5273(97)00202-7 Name: Chaim Lotan fk: 14
24-Feb-21 16:57:43 - Author metadata inserted for DOI: 10.1016/s0167-5273(97)00202-7 Name: Tamara Ershov fk: 14
24-Feb-21 16:57:43 - Author metadata inserted for DOI: 10.1016/s0167-5273(97)00202-7 Name: Tami Izak fk: 14
24-Feb-21 16:57:43 - Author metadata inserted for DOI: 10.1016/s0167-5273(97)00202-7 Name: Dan Admon fk: 14
24-Feb-21 16:57:43 - Author metadata inserted for DOI: 10.1016/s0167-5273(97)00202-7 Name: Mervyn S Gotsman fk: 14
24-Feb-21 16:57:43 - Author metadata inserted for DOI: 10.1016/s0006-3223(97)00141-8 Name: Lennart Gustafsson fk: 15
24-Feb-21 16:57:43 - Author metadata inserted for DOI: 10.1093/beheco/8.6.583 Name: Lee Alan Dugatkin fk: 16
24-Feb-21 16:57:44 - Author metadata inserted for DOI: 10.1111/j.1469-7610.1997.tb01612.x Name: Nicola Botting fk: 17
24-Feb-21 16:57:44 - Author metadata inserted for DOI: 10.1111/j.1469-7610.1997.tb01612.x Name: Andrew Powls fk: 17
24-Feb-21 16:57:44 - Author metadata inserted for DOI: 10.1111/j.1469-7610.1997.tb01612.x Name: Richard W. I. Cooke fk: 17
24-Feb-21 16:57:44 - Author metadata inserted for DOI: 10.1111/j.1469-7610.1997.tb01612.x Name: Neil Marlow fk: 17
24-Feb-21 16:57:44 - Author metadata inserted for DOI: 10.1016/s0002-9343(97)00252-0 Name: Jürgen Hoffmann fk: 18
24-Feb-21 16:57:44 - Author metadata inserted for DOI: 10.1016/s0002-9343(97)00252-0 Name: Manfred Spengler fk: 18
24-Feb-21 16:57:44 - Author metadata inserted for DOI: 10.1016/s0002-9343(97)00244-1 Name: Alvan R Feinstein fk: 19
24-Feb-21 16:57:44 - Author metadata inserted for DOI: 10.1016/s0002-9343(97)00244-1 Name: Ralph I Horwitz fk: 19
24-Feb-21 16:57:45 - Author metadata inserted for DOI: 10.1111/j.1469-7793.1997.539bb.x Name: P. W. Hodges fk: 20
24-Feb-21 16:57:45 - Author metadata inserted for DOI: 10.1111/j.1469-7793.1997.539bb.x Name: J. E. Butler fk: 20
24-Feb-21 16:57:45 - Author metadata inserted for DOI: 10.1111/j.1469-7793.1997.539bb.x Name: D. K. McKenzie fk: 20
24-Feb-21 16:57:45 - Author metadata inserted for DOI: 10.1111/j.1469-7793.1997.539bb.x Name: S. C. Gandevia fk: 20
24-Feb-21 16:57:45 - Author metadata inserted for DOI: 10.1016/s0895-4356(97)00203-5 Name: Gunver S Kienle fk: 21
24-Feb-21 16:57:45 - Author metadata inserted for DOI: 10.1016/s0895-4356(97)00203-5 Name: Helmut Kiene fk: 21
24-Feb-21 16:57:45 - Author metadata inserted for DOI: 10.1016/s1090-5138(97)00089-5 Name: Devendra Singh fk: 22
24-Feb-21 16:57:45 - Author metadata inserted for DOI: 10.1016/s1090-5138(97)00089-5 Name: P Matthew Bronstad fk: 22
24-Feb-21 16:57:46 - Author metadata inserted for DOI: 10.1016/s0016-7037(97)00299-8 Name: Gary R. Huss fk: 23
24-Feb-21 16:57:46 - Author metadata inserted for DOI: 10.1016/s0016-7037(97)00299-8 Name: Ian D. Hutcheon fk: 23
24-Feb-21 16:57:46 - Author metadata inserted for DOI: 10.1016/s0016-7037(97)00299-8 Name: G.J. Wasserburg fk: 23
24-Feb-21 16:57:46 - Author metadata inserted for DOI: 10.1148/radiology.206.1.9423651 Name: T W Stadnik fk: 24
24-Feb-21 16:57:46 - Author metadata inserted for DOI: 10.1148/radiology.206.1.9423651 Name: R R Lee fk: 24
24-Feb-21 16:57:46 - Author metadata inserted for DOI: 10.1148/radiology.206.1.9423651 Name: H L Coen fk: 24
24-Feb-21 16:57:46 - Author metadata inserted for DOI: 10.1148/radiology.206.1.9423651 Name: E C Neirynck fk: 24
24-Feb-21 16:57:46 - Author metadata inserted for DOI: 10.1148/radiology.206.1.9423651 Name: T S Buisseret fk: 24
24-Feb-21 16:57:46 - Author metadata inserted for DOI: 10.1148/radiology.206.1.9423651 Name: M J Osteaux fk: 24
24-Feb-21 16:57:47 - Author metadata inserted for DOI: 10.1136/jech.51.6.623 Name: J T Hart fk: 25
24-Feb-21 16:57:47 - Author metadata inserted for DOI: 10.1016/s0140-6736(97)09385-9 Name: Itzhak Fried fk: 26
24-Feb-21 16:57:47 - Author metadata inserted for DOI: 10.1021/ed075p100 Name: Alexandra Hilosky fk: 27
24-Feb-21 16:57:47 - Author metadata inserted for DOI: 10.1021/ed075p100 Name: Frank Sutman fk: 27
24-Feb-21 16:57:47 - Author metadata inserted for DOI: 10.1021/ed075p100 Name: Joseph Schmuckler fk: 27
24-Feb-21 16:57:48 - Author metadata inserted for DOI: 10.1021/ed075p116 Name: Todd P. Silverstein fk: 28
24-Feb-21 16:57:48 - Author metadata inserted for DOI: 10.1080/02724634.1997.10010975 Name: Elizabeth M. Gomani fk: 29
24-Feb-21 16:57:49 - Author metadata inserted for DOI: 10.1080/02724634.1997.10010979 Name: Mary Higby Schweitzer fk: 30
24-Feb-21 16:57:49 - Author metadata inserted for DOI: 10.1080/02724634.1997.10010979 Name: Craig Johnson fk: 30
24-Feb-21 16:57:49 - Author metadata inserted for DOI: 10.1080/02724634.1997.10010979 Name: Thomas G. Zocco fk: 30
24-Feb-21 16:57:49 - Author metadata inserted for DOI: 10.1080/02724634.1997.10010979 Name: John R. Horner fk: 30
24-Feb-21 16:57:49 - Author metadata inserted for DOI: 10.1080/02724634.1997.10010979 Name: Jean R. Starkey fk: 30
24-Feb-21 16:57:50 - Author metadata inserted for DOI: 10.1016/s0140-9883(97)01025-6 Name: Eiman O. Zein-Elabdin fk: 31
24-Feb-21 16:57:50 - Author metadata inserted for DOI: 10.1353/mfs.1997.0068 Name: Ellen Bayuk Rosenman fk: 32
24-Feb-21 16:57:50 - Author metadata inserted for DOI: 10.1353/mfs.1997.0091 Name: Marita Nadal fk: 33
24-Feb-21 16:57:51 - Author metadata inserted for DOI: 10.1016/s0169-5347(97)01177-4 Name: H.Bradley Shaffer fk: 34
24-Feb-21 16:57:51 - Author metadata inserted for DOI: 10.1016/s0169-5347(97)01177-4 Name: Robert N Fisher fk: 34
24-Feb-21 16:57:51 - Author metadata inserted for DOI: 10.1016/s0169-5347(97)01177-4 Name: Carlos Davidson fk: 34
24-Feb-21 16:57:51 - Author metadata inserted for DOI: 10.1016/s0169-5347(97)01177-4 fk: 34
24-Feb-21 16:57:51 - Author metadata inserted for DOI: 10.1016/s0090-4295(97)00490-1 Name: Laurence H. Klotz fk: 35
24-Feb-21 16:57:51 - Author metadata inserted for DOI: 10.1016/s0090-4295(97)00490-1 fk: 35
24-Feb-21 16:57:51 - Author metadata inserted for DOI: 10.1161/01.hyp.30.6.1410 Name: Athanase Benetos fk: 36
24-Feb-21 16:57:51 - Author metadata inserted for DOI: 10.1161/01.hyp.30.6.1410 Name: Michel Safar fk: 36
24-Feb-21 16:57:51 - Author metadata inserted for DOI: 10.1161/01.hyp.30.6.1410 Name: Annie Rudnichi fk: 36
24-Feb-21 16:57:51 - Author metadata inserted for DOI: 10.1161/01.hyp.30.6.1410 Name: Harold Smulyan fk: 36
24-Feb-21 16:57:51 - Author metadata inserted for DOI: 10.1161/01.hyp.30.6.1410 Name: Jacques-Lucien Richard fk: 36
24-Feb-21 16:57:51 - Author metadata inserted for DOI: 10.1161/01.hyp.30.6.1410 Name: Louis Guize fk: 36
24-Feb-21 16:57:51 - Author metadata inserted for DOI: 10.1161/01.hyp.30.6.1410 fk: 36
24-Feb-21 16:57:51 - Author metadata inserted for DOI: 10.1521/jscp.1997.16.4.405 Name: Sheila Mehta fk: 37
24-Feb-21 16:57:51 - Author metadata inserted for DOI: 10.1521/jscp.1997.16.4.405 Name: Amerigo Farina fk: 37
24-Feb-21 16:57:51 - Author metadata inserted for DOI: 10.1521/jscp.1997.16.4.405 fk: 37
